<?xml version="1.0" encoding="UTF-8"?>
<testsuite xmlns:xsi="http://www.w3.org/2001/XMLSchema-instance" xsi:noNamespaceSchemaLocation="https://maven.apache.org/surefire/maven-failsafe-plugin/xsd/failsafe-test-report-3.0.xsd" version="3.0" name="starter.CucumberTestSuite" time="28.507" tests="8" errors="0" skipped="0" failures="0">
  <properties>
[...]
</properties>
  <testcase name="As Admin, I have be able to success login" classname="Login" time="5.381">
    <system-out><![CDATA[12:15:37.874 [main] INFO io.cucumber.core.plugin.SerenityReporter - Running feature from file:///C:/Users/HP/IdeaProjects/Capstone_GYMweb/src/test/resources/features/TC01_Login.feature
12:15:38.031 [main] INFO  - 

-------------------------------------------------------------------------------------
     _______. _______ .______       _______ .__   __.  __  .___________.____    ____ 
    /       ||   ____||   _  \     |   ____||  \ |  | |  | |           |\   \  /   / 
   |   (----`|  |__   |  |_)  |    |  |__   |   \|  | |  | `---|  |----` \   \/   /  
    \   \    |   __|  |      /     |   __|  |  . `  | |  |     |  |       \_    _/   
.----)   |   |  |____ |  |\  \----.|  |____ |  |\   | |  |     |  |         |  |     
|_______/    |_______|| _| `._____||_______||__| \__| |__|     |__|         |__|    
                                                                                     
 News and tutorials at http://www.serenity-bdd.info                                  
 Documentation at https://wakaleo.gitbooks.io/the-serenity-book/content/             
 Join the Serenity Community on Gitter: https://gitter.im/serenity-bdd/serenity-core 
 Serenity BDD Support and Training at http://serenity-bdd.info/#/trainingandsupport  
-------------------------------------------------------------------------------------

12:15:38.031 [main] DEBUG net.thucydides.core.steps.StepEventBus - Test suite started for story net.thucydides.core.model.Story@f223db9
12:15:38.046 [main] INFO  - Test Suite Started: Login
12:15:38.046 [main] INFO io.cucumber.core.plugin.SerenityReporter - Running feature from file:///C:/Users/HP/IdeaProjects/Capstone_GYMweb/src/test/resources/features/TC02_Dashboard.feature
12:15:38.046 [main] DEBUG net.thucydides.core.steps.StepEventBus - Test suite started for story net.thucydides.core.model.Story@a2ebf95a
12:15:38.046 [main] INFO  - Test Suite Started: Dashboard
12:15:38.046 [main] INFO io.cucumber.core.plugin.SerenityReporter - Running feature from file:///C:/Users/HP/IdeaProjects/Capstone_GYMweb/src/test/resources/features/TC03_ManageUser.feature
12:15:38.046 [main] DEBUG net.thucydides.core.steps.StepEventBus - Test suite started for story net.thucydides.core.model.Story@4f3be5f5
12:15:38.046 [main] INFO  - Test Suite Started: Manage user
12:15:38.046 [main] INFO io.cucumber.core.plugin.SerenityReporter - Running feature from file:///C:/Users/HP/IdeaProjects/Capstone_GYMweb/src/test/resources/features/TC04_Membership.feature
12:15:38.062 [main] DEBUG net.thucydides.core.steps.StepEventBus - Test suite started for story net.thucydides.core.model.Story@1dd80f89
12:15:38.062 [main] INFO  - Test Suite Started: Membership user
12:15:38.062 [main] INFO io.cucumber.core.plugin.SerenityReporter - Running feature from file:///C:/Users/HP/IdeaProjects/Capstone_GYMweb/src/test/resources/features/TC05_ClassOffline.feature
12:15:38.062 [main] DEBUG net.thucydides.core.steps.StepEventBus - Test suite started for story net.thucydides.core.model.Story@3c98ac13
12:15:38.062 [main] INFO  - Test Suite Started: Class offline
12:15:38.062 [main] INFO io.cucumber.core.plugin.SerenityReporter - Running feature from file:///C:/Users/HP/IdeaProjects/Capstone_GYMweb/src/test/resources/features/TC06_ClassOnline.feature
12:15:38.062 [main] DEBUG net.thucydides.core.steps.StepEventBus - Test suite started for story net.thucydides.core.model.Story@ad322ede
12:15:38.062 [main] INFO  - Test Suite Started: Class online
12:15:38.062 [main] INFO io.cucumber.core.plugin.SerenityReporter - Running feature from file:///C:/Users/HP/IdeaProjects/Capstone_GYMweb/src/test/resources/features/TC07_Setting.feature
12:15:38.062 [main] DEBUG net.thucydides.core.steps.StepEventBus - Test suite started for story net.thucydides.core.model.Story@feae175f
12:15:38.062 [main] INFO  - Test Suite Started: Setting
12:15:38.062 [main] INFO io.cucumber.core.plugin.SerenityReporter - Running feature from file:///C:/Users/HP/IdeaProjects/Capstone_GYMweb/src/test/resources/features/TC01_Login.feature
12:15:38.062 [main] DEBUG net.thucydides.core.steps.StepEventBus - Test suite started for story net.thucydides.core.model.Story@f223db9
12:15:38.062 [main] INFO  - Test Suite Started: Login

Scenario Outline: As Admin, I have be able to success login &amp#27;[90m# src/test/resources/features/TC01_Login.feature:6&amp#27;[0m
12:15:38.124 [main] INFO io.cucumber.core.plugin.SerenityReporter - Running feature from file:///C:/Users/HP/IdeaProjects/Capstone_GYMweb/src/test/resources/features/TC01_Login.feature
12:15:38.187 [main] INFO  - 
  _____   ___   ___   _____     ___   _____     _     ___   _____   ___   ___  
 |_   _| | __| / __| |_   _|   / __| |_   _|   /_\   | _ \ |_   _| | __| |   \ 
   | |   | _|  \__ \   | |     \__ \   | |    / _ \  |   /   | |   | _|  | |) |
   |_|   |___| |___/   |_|     |___/   |_|   /_/ \_\ |_|_\   |_|   |___| |___/ 

As Admin, I have be able to success login(login;as-admin--i-have-be-able-to-success-login)
--------------------------------------------------------------------------------
12:15:38.710 [main] DEBUG net.thucydides.core.steps.StepInterceptor - STARTING STEP: LoginSteps.onTheLoginPage - openPage
12:15:38.741 [main] INFO net.serenitybdd.core.webdriver.driverproviders.ChromeDriverProvider - Using automatically driver download
12:15:39.444 [main] DEBUG io.github.bonigarcia.wdm.cache.ResolutionCache - Resolution chrome=103 in cache (valid until 12:40:12 21/07/2022 ICT)
12:15:39.460 [main] DEBUG io.github.bonigarcia.wdm.cache.ResolutionCache - Resolution chrome103=103.0.5060.134 in cache (valid until 09:24:50 22/07/2022 ICT)
12:15:39.460 [main] INFO io.github.bonigarcia.wdm.WebDriverManager - Using chromedriver 103.0.5060.134 (resolved driver for Chrome 103)
12:15:39.460 [main] DEBUG io.github.bonigarcia.wdm.WebDriverManager - Driver chromedriver 103.0.5060.134 found in cache
12:15:39.460 [main] INFO io.github.bonigarcia.wdm.WebDriverManager - Exporting webdriver.chrome.driver as C:\Users\HP\.cache\selenium\chromedriver\win32\103.0.5060.134\chromedriver.exe
12:15:39.554 [main] DEBUG net.thucydides.core.reflection.ClassFinder - Could not load class .starter.CucumberTestSuite
12:15:39.554 [main] DEBUG net.thucydides.core.reflection.ClassFinder - Could not load class .starter.pages.ContentPage
12:15:39.554 [main] DEBUG net.thucydides.core.reflection.ClassFinder - Could not load class .starter.pages.Dashboard
12:15:39.554 [main] DEBUG net.thucydides.core.reflection.ClassFinder - Could not load class .starter.pages.LoginPage
12:15:39.554 [main] DEBUG net.thucydides.core.reflection.ClassFinder - Could not load class .starter.pages.LogoutPage
12:15:39.554 [main] DEBUG net.thucydides.core.reflection.ClassFinder - Could not load class .starter.pages.ManageOfflineClassPage
12:15:39.554 [main] DEBUG net.thucydides.core.reflection.ClassFinder - Could not load class .starter.pages.ManageOnlineClassPage
12:15:39.554 [main] DEBUG net.thucydides.core.reflection.ClassFinder - Could not load class .starter.pages.ManageUserPage
12:15:39.554 [main] DEBUG net.thucydides.core.reflection.ClassFinder - Could not load class .starter.pages.MembershipPage
12:15:39.554 [main] DEBUG net.thucydides.core.reflection.ClassFinder - Could not load class .starter.pages.SettingPage
12:15:39.554 [main] DEBUG net.thucydides.core.reflection.ClassFinder - Could not load class .starter.stepdefinitions.ClassOfflineManagerScenariosSteps
12:15:39.554 [main] DEBUG net.thucydides.core.reflection.ClassFinder - Could not load class .starter.stepdefinitions.ClassOnlineManageScenarioSteps
12:15:39.554 [main] DEBUG net.thucydides.core.reflection.ClassFinder - Could not load class .starter.stepdefinitions.DahsboardScenarioSteps
12:15:39.554 [main] DEBUG net.thucydides.core.reflection.ClassFinder - Could not load class .starter.stepdefinitions.LoginSteps
12:15:39.554 [main] DEBUG net.thucydides.core.reflection.ClassFinder - Could not load class .starter.stepdefinitions.ManageUserScenarioSteps
12:15:39.554 [main] DEBUG net.thucydides.core.reflection.ClassFinder - Could not load class .starter.stepdefinitions.MembershipScenarioSteps
12:15:39.554 [main] DEBUG net.thucydides.core.reflection.ClassFinder - Could not load class .starter.stepdefinitions.SettingScenarioSteps
12:15:39.629 [main] DEBUG net.serenitybdd.core.webdriver.driverproviders.ProvideNewDriver - Instantiating driver
12:15:39.629 [main] DEBUG net.serenitybdd.core.webdriver.driverproviders.ProvideNewDriver - Driver capabilities: Capabilities {acceptInsecureCerts: false, base.url: https://www.saucedemo.com/, browserName: chrome, chrome.driver: src/test/resources/webdrive..., driver: chrome, goog:chromeOptions: {args: [], extensions: []}}
12:15:39.691 [main] DEBUG io.netty.util.internal.logging.InternalLoggerFactory - Using SLF4J as the default logging framework
12:15:39.691 [main] DEBUG io.netty.util.ResourceLeakDetector - -Dio.netty.leakDetection.level: simple
12:15:39.691 [main] DEBUG io.netty.util.ResourceLeakDetector - -Dio.netty.leakDetection.targetRecords: 4
12:15:39.691 [main] DEBUG io.netty.util.ResourceLeakDetectorFactory - Loaded default ResourceLeakDetector: io.netty.util.ResourceLeakDetector@6db328f8
12:15:39.707 [main] DEBUG io.netty.util.internal.PlatformDependent0 - -Dio.netty.noUnsafe: false
12:15:39.707 [main] DEBUG io.netty.util.internal.PlatformDependent0 - Java version: 8
12:15:39.707 [main] DEBUG io.netty.util.internal.PlatformDependent0 - sun.misc.Unsafe.theUnsafe: available
12:15:39.707 [main] DEBUG io.netty.util.internal.PlatformDependent0 - sun.misc.Unsafe.copyMemory: available
12:15:39.707 [main] DEBUG io.netty.util.internal.PlatformDependent0 - java.nio.Buffer.address: available
12:15:39.707 [main] DEBUG io.netty.util.internal.PlatformDependent0 - direct buffer constructor: available
12:15:39.707 [main] DEBUG io.netty.util.internal.PlatformDependent0 - java.nio.Bits.unaligned: available, true
12:15:39.707 [main] DEBUG io.netty.util.internal.PlatformDependent0 - jdk.internal.misc.Unsafe.allocateUninitializedArray(int): unavailable prior to Java9
12:15:39.707 [main] DEBUG io.netty.util.internal.PlatformDependent0 - java.nio.DirectByteBuffer.<init>(long, int): available
12:15:39.707 [main] DEBUG io.netty.util.internal.PlatformDependent - sun.misc.Unsafe: available
12:15:39.707 [main] DEBUG io.netty.util.internal.PlatformDependent - -Dio.netty.tmpdir: C:\Users\HP\AppData\Local\Temp (java.io.tmpdir)
12:15:39.707 [main] DEBUG io.netty.util.internal.PlatformDependent - -Dio.netty.bitMode: 64 (sun.arch.data.model)
12:15:39.707 [main] DEBUG io.netty.util.internal.PlatformDependent - Platform: Windows
12:15:39.707 [main] DEBUG io.netty.util.internal.PlatformDependent - -Dio.netty.maxDirectMemory: 954728448 bytes
12:15:39.707 [main] DEBUG io.netty.util.internal.PlatformDependent - -Dio.netty.uninitializedArrayAllocationThreshold: -1
12:15:39.707 [main] DEBUG io.netty.util.internal.CleanerJava6 - java.nio.ByteBuffer.cleaner(): available
12:15:39.707 [main] DEBUG io.netty.util.internal.PlatformDependent - -Dio.netty.noPreferDirect: false
12:15:39.707 [main] DEBUG io.netty.util.internal.PlatformDependent - org.jctools-core.MpscChunkedArrayQueue: available
12:15:39.723 [main] DEBUG io.netty.util.internal.InternalThreadLocalMap - -Dio.netty.threadLocalMap.stringBuilder.initialSize: 1024
12:15:39.723 [main] DEBUG io.netty.util.internal.InternalThreadLocalMap - -Dio.netty.threadLocalMap.stringBuilder.maxSize: 4096
12:15:39.738 [main] DEBUG io.netty.handler.ssl.JdkSslContext - Default protocols (JDK): [TLSv1.2] 
12:15:39.738 [main] DEBUG io.netty.handler.ssl.JdkSslContext - Default cipher suites (JDK): [TLS_ECDHE_ECDSA_WITH_AES_256_GCM_SHA384, TLS_ECDHE_ECDSA_WITH_AES_128_GCM_SHA256, TLS_ECDHE_RSA_WITH_AES_128_GCM_SHA256, TLS_ECDHE_RSA_WITH_AES_256_GCM_SHA384, TLS_ECDHE_RSA_WITH_AES_128_CBC_SHA, TLS_ECDHE_RSA_WITH_AES_256_CBC_SHA, TLS_RSA_WITH_AES_128_GCM_SHA256, TLS_RSA_WITH_AES_128_CBC_SHA, TLS_RSA_WITH_AES_256_CBC_SHA, TLS_AES_128_GCM_SHA256, TLS_AES_256_GCM_SHA384]
12:15:39.754 [main] DEBUG io.netty.channel.MultithreadEventLoopGroup - -Dio.netty.eventLoopThreads: 16
12:15:39.769 [main] DEBUG io.netty.channel.nio.NioEventLoop - -Dio.netty.noKeySetOptimization: false
12:15:39.769 [main] DEBUG io.netty.channel.nio.NioEventLoop - -Dio.netty.selectorAutoRebuildThreshold: 512
12:15:39.801 [main] DEBUG io.netty.buffer.PooledByteBufAllocator - -Dio.netty.allocator.numHeapArenas: 9
12:15:39.801 [main] DEBUG io.netty.buffer.PooledByteBufAllocator - -Dio.netty.allocator.numDirectArenas: 9
12:15:39.801 [main] DEBUG io.netty.buffer.PooledByteBufAllocator - -Dio.netty.allocator.pageSize: 8192
12:15:39.801 [main] DEBUG io.netty.buffer.PooledByteBufAllocator - -Dio.netty.allocator.maxOrder: 11
12:15:39.801 [main] DEBUG io.netty.buffer.PooledByteBufAllocator - -Dio.netty.allocator.chunkSize: 16777216
12:15:39.801 [main] DEBUG io.netty.buffer.PooledByteBufAllocator - -Dio.netty.allocator.smallCacheSize: 256
12:15:39.801 [main] DEBUG io.netty.buffer.PooledByteBufAllocator - -Dio.netty.allocator.normalCacheSize: 64
12:15:39.801 [main] DEBUG io.netty.buffer.PooledByteBufAllocator - -Dio.netty.allocator.maxCachedBufferCapacity: 32768
12:15:39.801 [main] DEBUG io.netty.buffer.PooledByteBufAllocator - -Dio.netty.allocator.cacheTrimInterval: 8192
12:15:39.801 [main] DEBUG io.netty.buffer.PooledByteBufAllocator - -Dio.netty.allocator.cacheTrimIntervalMillis: 0
12:15:39.801 [main] DEBUG io.netty.buffer.PooledByteBufAllocator - -Dio.netty.allocator.useCacheForAllThreads: true
12:15:39.801 [main] DEBUG io.netty.buffer.PooledByteBufAllocator - -Dio.netty.allocator.maxCachedByteBuffersPerChunk: 1023
12:15:39.801 [main] DEBUG io.netty.buffer.ByteBufUtil - -Dio.netty.allocator.type: pooled
12:15:39.801 [main] DEBUG io.netty.buffer.ByteBufUtil - -Dio.netty.threadLocalDirectBufferSize: 0
12:15:39.801 [main] DEBUG io.netty.buffer.ByteBufUtil - -Dio.netty.maxThreadLocalCharBufferSize: 16384
12:15:40.496 [Forwarding newSession on session null to remote] DEBUG io.netty.channel.DefaultChannelId - -Dio.netty.processId: 21660 (auto-detected)
12:15:40.496 [Forwarding newSession on session null to remote] DEBUG io.netty.util.NetUtil - -Djava.net.preferIPv4Stack: false
12:15:40.496 [Forwarding newSession on session null to remote] DEBUG io.netty.util.NetUtil - -Djava.net.preferIPv6Addresses: false
12:15:40.655 [Forwarding newSession on session null to remote] DEBUG io.netty.util.NetUtilInitializations - Loopback interface: lo (Software Loopback Interface 1, 127.0.0.1)
12:15:40.655 [Forwarding newSession on session null to remote] DEBUG io.netty.util.NetUtil - Failed to get SOMAXCONN from sysctl and file \proc\sys\net\core\somaxconn. Default: 200
12:15:40.811 [Forwarding newSession on session null to remote] DEBUG io.netty.channel.DefaultChannelId - -Dio.netty.machineId: bc:54:2f:ff:fe:cf:00:c6 (auto-detected)
12:15:40.842 [AsyncHttpClient-1-2] DEBUG io.netty.buffer.AbstractByteBuf - -Dio.netty.buffer.checkAccessible: true
12:15:40.858 [AsyncHttpClient-1-2] DEBUG io.netty.buffer.AbstractByteBuf - -Dio.netty.buffer.checkBounds: true
12:15:40.858 [AsyncHttpClient-1-2] DEBUG io.netty.util.ResourceLeakDetectorFactory - Loaded default ResourceLeakDetector: io.netty.util.ResourceLeakDetector@24308964
12:15:40.858 [AsyncHttpClient-1-2] DEBUG org.asynchttpclient.netty.channel.NettyConnectListener - Using new Channel '[id: 0x337344e0, L:/127.0.0.1:62496 - R:localhost/127.0.0.1:59028]' for 'POST' to '/session'
12:15:40.874 [AsyncHttpClient-1-2] DEBUG io.netty.util.Recycler - -Dio.netty.recycler.maxCapacityPerThread: 4096
12:15:40.874 [AsyncHttpClient-1-2] DEBUG io.netty.util.Recycler - -Dio.netty.recycler.ratio: 8
12:15:40.874 [AsyncHttpClient-1-2] DEBUG io.netty.util.Recycler - -Dio.netty.recycler.chunkSize: 32
12:15:40.874 [AsyncHttpClient-1-2] DEBUG io.netty.util.Recycler - -Dio.netty.recycler.blocking: false
12:15:41.358 [AsyncHttpClient-1-2] DEBUG io.netty.handler.codec.compression.Brotli - brotli4j not in the classpath; Brotli support will be unavailable.
12:15:41.358 [AsyncHttpClient-1-2] DEBUG org.asynchttpclient.netty.handler.HttpHandler - 

Request DefaultHttpRequest(decodeResult: success, version: HTTP/1.1)
POST /session HTTP/1.1
User-Agent: selenium/4.1.2 (java windows)
Content-Length: 612
Content-Type: application/json; charset=utf-8
host: localhost:59028
accept: */*

Response DefaultHttpResponse(decodeResult: success, version: HTTP/1.1)
HTTP/1.1 200 OK
Content-Type: application/json; charset=utf-8
cache-control: no-cache
content-length: 789

12:15:41.373 [AsyncHttpClient-1-2] DEBUG org.asynchttpclient.netty.channel.ChannelManager - Adding key: http://localhost:59028 for channel [id: 0x337344e0, L:/127.0.0.1:62496 - R:localhost/127.0.0.1:59028]
12:15:41.420 [AsyncHttpClient-1-3] DEBUG org.asynchttpclient.netty.channel.NettyConnectListener - Using new Channel '[id: 0x7c2ee03a, L:/127.0.0.1:62503 - R:localhost/127.0.0.1:62497]' for 'GET' to '/json/version'
12:15:41.421 [AsyncHttpClient-1-3] DEBUG org.asynchttpclient.netty.handler.HttpHandler - 

Request DefaultFullHttpRequest(decodeResult: success, version: HTTP/1.1, content: EmptyByteBufBE)
GET /json/version HTTP/1.1
User-Agent: selenium/4.1.2 (java windows)
host: localhost:62497
accept: */*

Response DefaultHttpResponse(decodeResult: success, version: HTTP/1.1)
HTTP/1.1 200 OK
Content-Type: application/json; charset=UTF-8
content-length: 429

12:15:41.421 [AsyncHttpClient-1-3] DEBUG org.asynchttpclient.netty.channel.ChannelManager - Adding key: http://localhost:62497 for channel [id: 0x7c2ee03a, L:/127.0.0.1:62503 - R:localhost/127.0.0.1:62497]
12:15:41.424 [main] DEBUG io.netty.util.internal.ThreadLocalRandom - -Dio.netty.initialSeedUniquifier: 0x543709334a49ad25
12:15:41.424 [AsyncHttpClient-1-4] DEBUG org.asynchttpclient.netty.channel.NettyConnectListener - Using new Channel '[id: 0x5523983b, L:/127.0.0.1:62504 - R:localhost/127.0.0.1:62497]' for 'GET' to '/devtools/browser/cddfa914-a80d-4ea4-b417-7118c724bd08'
12:15:41.424 [AsyncHttpClient-1-4] DEBUG org.asynchttpclient.netty.handler.WebSocketHandler - 

Request DefaultFullHttpRequest(decodeResult: success, version: HTTP/1.1, content: EmptyByteBufBE)
GET /devtools/browser/cddfa914-a80d-4ea4-b417-7118c724bd08 HTTP/1.1
upgrade: websocket
connection: upgrade
sec-websocket-key: U6tWEQ6NoOLfy8FWOWHmSA==
sec-websocket-version: 13
origin: http://localhost:62497
host: localhost:62497
accept: */*
user-agent: AHC/2.1

Response DefaultHttpResponse(decodeResult: success, version: HTTP/1.1)
HTTP/1.1 101 WebSocket Protocol Handshake
Upgrade: WebSocket
Connection: Upgrade
Sec-WebSocket-Accept: gSWlYNismC86DJAMhZnVzp+AioY=

12:15:41.522 [main] DEBUG net.thucydides.core.reflection.ClassFinder - Could not load class .starter.CucumberTestSuite
12:15:41.524 [main] DEBUG net.thucydides.core.reflection.ClassFinder - Could not load class .starter.pages.ContentPage
12:15:41.524 [main] DEBUG net.thucydides.core.reflection.ClassFinder - Could not load class .starter.pages.Dashboard
12:15:41.524 [main] DEBUG net.thucydides.core.reflection.ClassFinder - Could not load class .starter.pages.LoginPage
12:15:41.524 [main] DEBUG net.thucydides.core.reflection.ClassFinder - Could not load class .starter.pages.LogoutPage
12:15:41.524 [main] DEBUG net.thucydides.core.reflection.ClassFinder - Could not load class .starter.pages.ManageOfflineClassPage
12:15:41.524 [main] DEBUG net.thucydides.core.reflection.ClassFinder - Could not load class .starter.pages.ManageOnlineClassPage
12:15:41.524 [main] DEBUG net.thucydides.core.reflection.ClassFinder - Could not load class .starter.pages.ManageUserPage
12:15:41.524 [main] DEBUG net.thucydides.core.reflection.ClassFinder - Could not load class .starter.pages.MembershipPage
12:15:41.524 [main] DEBUG net.thucydides.core.reflection.ClassFinder - Could not load class .starter.pages.SettingPage
12:15:41.524 [main] DEBUG net.thucydides.core.reflection.ClassFinder - Could not load class .starter.stepdefinitions.ClassOfflineManagerScenariosSteps
12:15:41.524 [main] DEBUG net.thucydides.core.reflection.ClassFinder - Could not load class .starter.stepdefinitions.ClassOnlineManageScenarioSteps
12:15:41.524 [main] DEBUG net.thucydides.core.reflection.ClassFinder - Could not load class .starter.stepdefinitions.DahsboardScenarioSteps
12:15:41.524 [main] DEBUG net.thucydides.core.reflection.ClassFinder - Could not load class .starter.stepdefinitions.LoginSteps
12:15:41.524 [main] DEBUG net.thucydides.core.reflection.ClassFinder - Could not load class .starter.stepdefinitions.ManageUserScenarioSteps
12:15:41.524 [main] DEBUG net.thucydides.core.reflection.ClassFinder - Could not load class .starter.stepdefinitions.MembershipScenarioSteps
12:15:41.524 [main] DEBUG net.thucydides.core.reflection.ClassFinder - Could not load class .starter.stepdefinitions.SettingScenarioSteps
12:15:41.524 [Forwarding get on session 060bc4dd33ec2112338aac041910a356 to remote] DEBUG org.asynchttpclient.netty.request.NettyRequestSender - Using pooled Channel '[id: 0x337344e0, L:/127.0.0.1:62496 - R:localhost/127.0.0.1:59028]' for 'POST' to 'http://localhost:59028/session/060bc4dd33ec2112338aac041910a356/url'
12:15:41.524 [Forwarding get on session 060bc4dd33ec2112338aac041910a356 to remote] DEBUG org.asynchttpclient.netty.request.NettyRequestSender - Using open Channel [id: 0x337344e0, L:/127.0.0.1:62496 - R:localhost/127.0.0.1:59028] for POST '/session/060bc4dd33ec2112338aac041910a356/url'
12:15:41.862 [AsyncHttpClient-1-2] DEBUG org.asynchttpclient.netty.handler.HttpHandler - 

Request DefaultHttpRequest(decodeResult: success, version: HTTP/1.1)
POST /session/060bc4dd33ec2112338aac041910a356/url HTTP/1.1
User-Agent: selenium/4.1.2 (java windows)
Content-Length: 73
Content-Type: application/json; charset=utf-8
host: localhost:59028
accept: */*

Response DefaultHttpResponse(decodeResult: success, version: HTTP/1.1)
HTTP/1.1 200 OK
Content-Type: application/json; charset=utf-8
cache-control: no-cache
content-length: 14

12:15:41.863 [AsyncHttpClient-1-2] DEBUG org.asynchttpclient.netty.channel.ChannelManager - Adding key: http://localhost:59028 for channel [id: 0x337344e0, L:/127.0.0.1:62496 - R:localhost/127.0.0.1:59028]
12:15:41.867 [Forwarding setTimeout on session 060bc4dd33ec2112338aac041910a356 to remote] DEBUG org.asynchttpclient.netty.request.NettyRequestSender - Using pooled Channel '[id: 0x337344e0, L:/127.0.0.1:62496 - R:localhost/127.0.0.1:59028]' for 'POST' to 'http://localhost:59028/session/060bc4dd33ec2112338aac041910a356/timeouts'
12:15:41.867 [Forwarding setTimeout on session 060bc4dd33ec2112338aac041910a356 to remote] DEBUG org.asynchttpclient.netty.request.NettyRequestSender - Using open Channel [id: 0x337344e0, L:/127.0.0.1:62496 - R:localhost/127.0.0.1:59028] for POST '/session/060bc4dd33ec2112338aac041910a356/timeouts'
12:15:41.868 [AsyncHttpClient-1-2] DEBUG org.asynchttpclient.netty.handler.HttpHandler - 

Request DefaultHttpRequest(decodeResult: success, version: HTTP/1.1)
POST /session/060bc4dd33ec2112338aac041910a356/timeouts HTTP/1.1
User-Agent: selenium/4.1.2 (java windows)
Content-Length: 22
Content-Type: application/json; charset=utf-8
host: localhost:59028
accept: */*

Response DefaultHttpResponse(decodeResult: success, version: HTTP/1.1)
HTTP/1.1 200 OK
Content-Type: application/json; charset=utf-8
cache-control: no-cache
content-length: 14

12:15:41.868 [AsyncHttpClient-1-2] DEBUG org.asynchttpclient.netty.channel.ChannelManager - Adding key: http://localhost:59028 for channel [id: 0x337344e0, L:/127.0.0.1:62496 - R:localhost/127.0.0.1:59028]
12:15:41.873 [Forwarding getCurrentUrl on session 060bc4dd33ec2112338aac041910a356 to remote] DEBUG org.asynchttpclient.netty.request.NettyRequestSender - Using pooled Channel '[id: 0x337344e0, L:/127.0.0.1:62496 - R:localhost/127.0.0.1:59028]' for 'GET' to 'http://localhost:59028/session/060bc4dd33ec2112338aac041910a356/url'
12:15:41.873 [Forwarding getCurrentUrl on session 060bc4dd33ec2112338aac041910a356 to remote] DEBUG org.asynchttpclient.netty.request.NettyRequestSender - Using open Channel [id: 0x337344e0, L:/127.0.0.1:62496 - R:localhost/127.0.0.1:59028] for GET '/session/060bc4dd33ec2112338aac041910a356/url'
12:15:41.877 [AsyncHttpClient-1-2] DEBUG org.asynchttpclient.netty.handler.HttpHandler - 

Request DefaultFullHttpRequest(decodeResult: success, version: HTTP/1.1, content: EmptyByteBufBE)
GET /session/060bc4dd33ec2112338aac041910a356/url HTTP/1.1
User-Agent: selenium/4.1.2 (java windows)
Cache-Control: no-cache
Content-Type: application/json; charset=utf-8
host: localhost:59028
accept: */*

Response DefaultHttpResponse(decodeResult: success, version: HTTP/1.1)
HTTP/1.1 200 OK
Content-Type: application/json; charset=utf-8
cache-control: no-cache
content-length: 55

12:15:41.877 [AsyncHttpClient-1-2] DEBUG org.asynchttpclient.netty.channel.ChannelManager - Adding key: http://localhost:59028 for channel [id: 0x337344e0, L:/127.0.0.1:62496 - R:localhost/127.0.0.1:59028]
12:15:41.884 [Forwarding findElement on session 060bc4dd33ec2112338aac041910a356 to remote] DEBUG org.asynchttpclient.netty.request.NettyRequestSender - Using pooled Channel '[id: 0x337344e0, L:/127.0.0.1:62496 - R:localhost/127.0.0.1:59028]' for 'POST' to 'http://localhost:59028/session/060bc4dd33ec2112338aac041910a356/element'
12:15:41.884 [Forwarding findElement on session 060bc4dd33ec2112338aac041910a356 to remote] DEBUG org.asynchttpclient.netty.request.NettyRequestSender - Using open Channel [id: 0x337344e0, L:/127.0.0.1:62496 - R:localhost/127.0.0.1:59028] for POST '/session/060bc4dd33ec2112338aac041910a356/element'
12:15:41.884 [AsyncHttpClient-1-2] DEBUG org.asynchttpclient.netty.handler.HttpHandler - 

Request DefaultHttpRequest(decodeResult: success, version: HTTP/1.1)
POST /session/060bc4dd33ec2112338aac041910a356/element HTTP/1.1
User-Agent: selenium/4.1.2 (java windows)
Content-Length: 103
Content-Type: application/json; charset=utf-8
host: localhost:59028
accept: */*

Response DefaultHttpResponse(decodeResult: success, version: HTTP/1.1)
HTTP/1.1 200 OK
Content-Type: application/json; charset=utf-8
cache-control: no-cache
content-length: 88

12:15:41.884 [AsyncHttpClient-1-2] DEBUG org.asynchttpclient.netty.channel.ChannelManager - Adding key: http://localhost:59028 for channel [id: 0x337344e0, L:/127.0.0.1:62496 - R:localhost/127.0.0.1:59028]
12:15:41.884 [Forwarding getElementTagName on session 060bc4dd33ec2112338aac041910a356 to remote] DEBUG org.asynchttpclient.netty.request.NettyRequestSender - Using pooled Channel '[id: 0x337344e0, L:/127.0.0.1:62496 - R:localhost/127.0.0.1:59028]' for 'GET' to 'http://localhost:59028/session/060bc4dd33ec2112338aac041910a356/element/dfca48a4-9e1a-4f38-867d-36abe2cb040b/name'
12:15:41.884 [Forwarding getElementTagName on session 060bc4dd33ec2112338aac041910a356 to remote] DEBUG org.asynchttpclient.netty.request.NettyRequestSender - Using open Channel [id: 0x337344e0, L:/127.0.0.1:62496 - R:localhost/127.0.0.1:59028] for GET '/session/060bc4dd33ec2112338aac041910a356/element/dfca48a4-9e1a-4f38-867d-36abe2cb040b/name'
12:15:41.899 [AsyncHttpClient-1-2] DEBUG org.asynchttpclient.netty.handler.HttpHandler - 

Request DefaultFullHttpRequest(decodeResult: success, version: HTTP/1.1, content: EmptyByteBufBE)
GET /session/060bc4dd33ec2112338aac041910a356/element/dfca48a4-9e1a-4f38-867d-36abe2cb040b/name HTTP/1.1
User-Agent: selenium/4.1.2 (java windows)
Cache-Control: no-cache
Content-Type: application/json; charset=utf-8
host: localhost:59028
accept: */*

Response DefaultHttpResponse(decodeResult: success, version: HTTP/1.1)
HTTP/1.1 200 OK
Content-Type: application/json; charset=utf-8
cache-control: no-cache
content-length: 13

12:15:41.899 [AsyncHttpClient-1-2] DEBUG org.asynchttpclient.netty.channel.ChannelManager - Adding key: http://localhost:59028 for channel [id: 0x337344e0, L:/127.0.0.1:62496 - R:localhost/127.0.0.1:59028]
12:15:41.899 [Forwarding getElementTagName on session 060bc4dd33ec2112338aac041910a356 to remote] DEBUG org.asynchttpclient.netty.request.NettyRequestSender - Using pooled Channel '[id: 0x337344e0, L:/127.0.0.1:62496 - R:localhost/127.0.0.1:59028]' for 'GET' to 'http://localhost:59028/session/060bc4dd33ec2112338aac041910a356/element/dfca48a4-9e1a-4f38-867d-36abe2cb040b/name'
12:15:41.899 [Forwarding getElementTagName on session 060bc4dd33ec2112338aac041910a356 to remote] DEBUG org.asynchttpclient.netty.request.NettyRequestSender - Using open Channel [id: 0x337344e0, L:/127.0.0.1:62496 - R:localhost/127.0.0.1:59028] for GET '/session/060bc4dd33ec2112338aac041910a356/element/dfca48a4-9e1a-4f38-867d-36abe2cb040b/name'
12:15:41.899 [AsyncHttpClient-1-2] DEBUG org.asynchttpclient.netty.handler.HttpHandler - 

Request DefaultFullHttpRequest(decodeResult: success, version: HTTP/1.1, content: EmptyByteBufBE)
GET /session/060bc4dd33ec2112338aac041910a356/element/dfca48a4-9e1a-4f38-867d-36abe2cb040b/name HTTP/1.1
User-Agent: selenium/4.1.2 (java windows)
Cache-Control: no-cache
Content-Type: application/json; charset=utf-8
host: localhost:59028
accept: */*

Response DefaultHttpResponse(decodeResult: success, version: HTTP/1.1)
HTTP/1.1 200 OK
Content-Type: application/json; charset=utf-8
cache-control: no-cache
content-length: 13

12:15:41.899 [AsyncHttpClient-1-2] DEBUG org.asynchttpclient.netty.channel.ChannelManager - Adding key: http://localhost:59028 for channel [id: 0x337344e0, L:/127.0.0.1:62496 - R:localhost/127.0.0.1:59028]
12:15:41.899 [Forwarding findElement on session 060bc4dd33ec2112338aac041910a356 to remote] DEBUG org.asynchttpclient.netty.request.NettyRequestSender - Using pooled Channel '[id: 0x337344e0, L:/127.0.0.1:62496 - R:localhost/127.0.0.1:59028]' for 'POST' to 'http://localhost:59028/session/060bc4dd33ec2112338aac041910a356/element'
12:15:41.899 [Forwarding findElement on session 060bc4dd33ec2112338aac041910a356 to remote] DEBUG org.asynchttpclient.netty.request.NettyRequestSender - Using open Channel [id: 0x337344e0, L:/127.0.0.1:62496 - R:localhost/127.0.0.1:59028] for POST '/session/060bc4dd33ec2112338aac041910a356/element'
12:15:41.899 [AsyncHttpClient-1-2] DEBUG org.asynchttpclient.netty.handler.HttpHandler - 

Request DefaultHttpRequest(decodeResult: success, version: HTTP/1.1)
POST /session/060bc4dd33ec2112338aac041910a356/element HTTP/1.1
User-Agent: selenium/4.1.2 (java windows)
Content-Length: 103
Content-Type: application/json; charset=utf-8
host: localhost:59028
accept: */*

Response DefaultHttpResponse(decodeResult: success, version: HTTP/1.1)
HTTP/1.1 200 OK
Content-Type: application/json; charset=utf-8
cache-control: no-cache
content-length: 88

12:15:41.899 [AsyncHttpClient-1-2] DEBUG org.asynchttpclient.netty.channel.ChannelManager - Adding key: http://localhost:59028 for channel [id: 0x337344e0, L:/127.0.0.1:62496 - R:localhost/127.0.0.1:59028]
12:15:41.899 [Forwarding clickElement on session 060bc4dd33ec2112338aac041910a356 to remote] DEBUG org.asynchttpclient.netty.request.NettyRequestSender - Using pooled Channel '[id: 0x337344e0, L:/127.0.0.1:62496 - R:localhost/127.0.0.1:59028]' for 'POST' to 'http://localhost:59028/session/060bc4dd33ec2112338aac041910a356/element/dfca48a4-9e1a-4f38-867d-36abe2cb040b/click'
12:15:41.899 [Forwarding clickElement on session 060bc4dd33ec2112338aac041910a356 to remote] DEBUG org.asynchttpclient.netty.request.NettyRequestSender - Using open Channel [id: 0x337344e0, L:/127.0.0.1:62496 - R:localhost/127.0.0.1:59028] for POST '/session/060bc4dd33ec2112338aac041910a356/element/dfca48a4-9e1a-4f38-867d-36abe2cb040b/click'
12:15:41.925 [AsyncHttpClient-1-1] DEBUG org.asynchttpclient.netty.channel.DefaultChannelPool - Entry count for : http://localhost:62497 : 1
12:15:41.952 [AsyncHttpClient-1-2] DEBUG org.asynchttpclient.netty.handler.HttpHandler - 

Request DefaultHttpRequest(decodeResult: success, version: HTTP/1.1)
POST /session/060bc4dd33ec2112338aac041910a356/element/dfca48a4-9e1a-4f38-867d-36abe2cb040b/click HTTP/1.1
User-Agent: selenium/4.1.2 (java windows)
Content-Length: 50
Content-Type: application/json; charset=utf-8
host: localhost:59028
accept: */*

Response DefaultHttpResponse(decodeResult: success, version: HTTP/1.1)
HTTP/1.1 200 OK
Content-Type: application/json; charset=utf-8
cache-control: no-cache
content-length: 14

12:15:41.953 [AsyncHttpClient-1-2] DEBUG org.asynchttpclient.netty.channel.ChannelManager - Adding key: http://localhost:59028 for channel [id: 0x337344e0, L:/127.0.0.1:62496 - R:localhost/127.0.0.1:59028]
12:15:41.967 [main] DEBUG net.serenitybdd.core.photography.Darkroom - Opening darkroom
12:15:41.968 [Darkroom Processing Line] DEBUG net.serenitybdd.core.photography.DarkroomProcessingLine - Darkroom processing line starting up
12:15:41.969 [Forwarding screenshot on session 060bc4dd33ec2112338aac041910a356 to remote] DEBUG org.asynchttpclient.netty.request.NettyRequestSender - Using pooled Channel '[id: 0x337344e0, L:/127.0.0.1:62496 - R:localhost/127.0.0.1:59028]' for 'GET' to 'http://localhost:59028/session/060bc4dd33ec2112338aac041910a356/screenshot'
12:15:41.969 [Forwarding screenshot on session 060bc4dd33ec2112338aac041910a356 to remote] DEBUG org.asynchttpclient.netty.request.NettyRequestSender - Using open Channel [id: 0x337344e0, L:/127.0.0.1:62496 - R:localhost/127.0.0.1:59028] for GET '/session/060bc4dd33ec2112338aac041910a356/screenshot'
12:15:42.093 [AsyncHttpClient-1-2] DEBUG org.asynchttpclient.netty.handler.HttpHandler - 

Request DefaultFullHttpRequest(decodeResult: success, version: HTTP/1.1, content: EmptyByteBufBE)
GET /session/060bc4dd33ec2112338aac041910a356/screenshot HTTP/1.1
User-Agent: selenium/4.1.2 (java windows)
Cache-Control: no-cache
Content-Type: application/json; charset=utf-8
host: localhost:59028
accept: */*

Response DefaultHttpResponse(decodeResult: success, version: HTTP/1.1)
HTTP/1.1 200 OK
Content-Type: application/json; charset=utf-8
cache-control: no-cache
content-length: 35052

12:15:42.093 [AsyncHttpClient-1-2] DEBUG org.asynchttpclient.netty.channel.ChannelManager - Adding key: http://localhost:59028 for channel [id: 0x337344e0, L:/127.0.0.1:62496 - R:localhost/127.0.0.1:59028]
12:15:42.140 [main] DEBUG net.serenitybdd.core.photography.Darkroom - Send negative for processing for target\site\serenity\4bcfcee6a32fd4db4d0cf1395ed7103be8953babd9cba6fb9977233bca52cf88.png
12:15:42.140 [Darkroom Processing Line] DEBUG net.serenitybdd.core.photography.DarkroomProcessingLine - Processing screenshot image in /var/screenshots/screenshot-879627742582656442
12:15:42.140 [Darkroom Processing Line] DEBUG net.serenitybdd.core.photography.DarkroomProcessingLine - Saving screenshot to target\site\serenity\4bcfcee6a32fd4db4d0cf1395ed7103be8953babd9cba6fb9977233bca52cf88.png
12:15:42.140 [main] DEBUG net.thucydides.core.steps.StepInterceptor - STEP DONE: openPage
12:15:42.156 [main] DEBUG net.thucydides.core.steps.StepInterceptor - STARTING STEP: LoginSteps.onTheLoginPage - validateOnLoginPage
12:15:42.156 [Forwarding findElement on session 060bc4dd33ec2112338aac041910a356 to remote] DEBUG org.asynchttpclient.netty.request.NettyRequestSender - Using pooled Channel '[id: 0x337344e0, L:/127.0.0.1:62496 - R:localhost/127.0.0.1:59028]' for 'POST' to 'http://localhost:59028/session/060bc4dd33ec2112338aac041910a356/element'
12:15:42.156 [Forwarding findElement on session 060bc4dd33ec2112338aac041910a356 to remote] DEBUG org.asynchttpclient.netty.request.NettyRequestSender - Using open Channel [id: 0x337344e0, L:/127.0.0.1:62496 - R:localhost/127.0.0.1:59028] for POST '/session/060bc4dd33ec2112338aac041910a356/element'
12:15:42.156 [AsyncHttpClient-1-2] DEBUG org.asynchttpclient.netty.handler.HttpHandler - 

Request DefaultHttpRequest(decodeResult: success, version: HTTP/1.1)
POST /session/060bc4dd33ec2112338aac041910a356/element HTTP/1.1
User-Agent: selenium/4.1.2 (java windows)
Content-Length: 114
Content-Type: application/json; charset=utf-8
host: localhost:59028
accept: */*

Response DefaultHttpResponse(decodeResult: success, version: HTTP/1.1)
HTTP/1.1 200 OK
Content-Type: application/json; charset=utf-8
cache-control: no-cache
content-length: 88

12:15:42.156 [AsyncHttpClient-1-2] DEBUG org.asynchttpclient.netty.channel.ChannelManager - Adding key: http://localhost:59028 for channel [id: 0x337344e0, L:/127.0.0.1:62496 - R:localhost/127.0.0.1:59028]
12:15:42.171 [Forwarding isElementDisplayed on session 060bc4dd33ec2112338aac041910a356 to remote] DEBUG org.asynchttpclient.netty.request.NettyRequestSender - Using pooled Channel '[id: 0x337344e0, L:/127.0.0.1:62496 - R:localhost/127.0.0.1:59028]' for 'POST' to 'http://localhost:59028/session/060bc4dd33ec2112338aac041910a356/execute/sync'
12:15:42.171 [Forwarding isElementDisplayed on session 060bc4dd33ec2112338aac041910a356 to remote] DEBUG org.asynchttpclient.netty.request.NettyRequestSender - Using open Channel [id: 0x337344e0, L:/127.0.0.1:62496 - R:localhost/127.0.0.1:59028] for POST '/session/060bc4dd33ec2112338aac041910a356/execute/sync'
12:15:42.187 [AsyncHttpClient-1-2] DEBUG org.asynchttpclient.netty.handler.HttpHandler - 

Request DefaultHttpRequest(decodeResult: success, version: HTTP/1.1)
POST /session/060bc4dd33ec2112338aac041910a356/execute/sync HTTP/1.1
User-Agent: selenium/4.1.2 (java windows)
Content-Length: 48780
Content-Type: application/json; charset=utf-8
host: localhost:59028
accept: */*

Response DefaultHttpResponse(decodeResult: success, version: HTTP/1.1)
HTTP/1.1 200 OK
Content-Type: application/json; charset=utf-8
cache-control: no-cache
content-length: 14

12:15:42.187 [AsyncHttpClient-1-2] DEBUG org.asynchttpclient.netty.channel.ChannelManager - Adding key: http://localhost:59028 for channel [id: 0x337344e0, L:/127.0.0.1:62496 - R:localhost/127.0.0.1:59028]
12:15:42.187 [main] DEBUG net.thucydides.core.steps.StepInterceptor - STEP DONE: validateOnLoginPage
  &amp#27;[32mGiven &amp#27;[0m&amp#27;[32mI am on login page&amp#27;[0m                                  &amp#27;[90m# starter.stepdefinitions.LoginSteps.onTheLoginPage()&amp#27;[0m
12:15:42.203 [Forwarding screenshot on session 060bc4dd33ec2112338aac041910a356 to remote] DEBUG org.asynchttpclient.netty.request.NettyRequestSender - Using pooled Channel '[id: 0x337344e0, L:/127.0.0.1:62496 - R:localhost/127.0.0.1:59028]' for 'GET' to 'http://localhost:59028/session/060bc4dd33ec2112338aac041910a356/screenshot'
12:15:42.203 [Forwarding screenshot on session 060bc4dd33ec2112338aac041910a356 to remote] DEBUG org.asynchttpclient.netty.request.NettyRequestSender - Using open Channel [id: 0x337344e0, L:/127.0.0.1:62496 - R:localhost/127.0.0.1:59028] for GET '/session/060bc4dd33ec2112338aac041910a356/screenshot'
12:15:42.276 [AsyncHttpClient-1-2] DEBUG org.asynchttpclient.netty.handler.HttpHandler - 

Request DefaultFullHttpRequest(decodeResult: success, version: HTTP/1.1, content: EmptyByteBufBE)
GET /session/060bc4dd33ec2112338aac041910a356/screenshot HTTP/1.1
User-Agent: selenium/4.1.2 (java windows)
Cache-Control: no-cache
Content-Type: application/json; charset=utf-8
host: localhost:59028
accept: */*

Response DefaultHttpResponse(decodeResult: success, version: HTTP/1.1)
HTTP/1.1 200 OK
Content-Type: application/json; charset=utf-8
cache-control: no-cache
content-length: 35052

12:15:42.276 [AsyncHttpClient-1-2] DEBUG org.asynchttpclient.netty.channel.ChannelManager - Adding key: http://localhost:59028 for channel [id: 0x337344e0, L:/127.0.0.1:62496 - R:localhost/127.0.0.1:59028]
12:15:42.276 [main] DEBUG net.serenitybdd.core.photography.Darkroom - Send negative for processing for target\site\serenity\4bcfcee6a32fd4db4d0cf1395ed7103be8953babd9cba6fb9977233bca52cf88.png
12:15:42.276 [main] DEBUG net.thucydides.core.steps.StepInterceptor - STARTING STEP: LoginSteps.inputValidEmail - inputEmail
12:15:42.276 [Forwarding findElement on session 060bc4dd33ec2112338aac041910a356 to remote] DEBUG org.asynchttpclient.netty.request.NettyRequestSender - Using pooled Channel '[id: 0x337344e0, L:/127.0.0.1:62496 - R:localhost/127.0.0.1:59028]' for 'POST' to 'http://localhost:59028/session/060bc4dd33ec2112338aac041910a356/element'
12:15:42.276 [Forwarding findElement on session 060bc4dd33ec2112338aac041910a356 to remote] DEBUG org.asynchttpclient.netty.request.NettyRequestSender - Using open Channel [id: 0x337344e0, L:/127.0.0.1:62496 - R:localhost/127.0.0.1:59028] for POST '/session/060bc4dd33ec2112338aac041910a356/element'
12:15:42.291 [AsyncHttpClient-1-2] DEBUG org.asynchttpclient.netty.handler.HttpHandler - 

Request DefaultHttpRequest(decodeResult: success, version: HTTP/1.1)
POST /session/060bc4dd33ec2112338aac041910a356/element HTTP/1.1
User-Agent: selenium/4.1.2 (java windows)
Content-Length: 116
Content-Type: application/json; charset=utf-8
host: localhost:59028
accept: */*

Response DefaultHttpResponse(decodeResult: success, version: HTTP/1.1)
HTTP/1.1 200 OK
Content-Type: application/json; charset=utf-8
cache-control: no-cache
content-length: 88

12:15:42.291 [AsyncHttpClient-1-2] DEBUG org.asynchttpclient.netty.channel.ChannelManager - Adding key: http://localhost:59028 for channel [id: 0x337344e0, L:/127.0.0.1:62496 - R:localhost/127.0.0.1:59028]
12:15:42.291 [Forwarding clearElement on session 060bc4dd33ec2112338aac041910a356 to remote] DEBUG org.asynchttpclient.netty.request.NettyRequestSender - Using pooled Channel '[id: 0x337344e0, L:/127.0.0.1:62496 - R:localhost/127.0.0.1:59028]' for 'POST' to 'http://localhost:59028/session/060bc4dd33ec2112338aac041910a356/element/f9859712-3a8a-4c41-b590-459138111f17/clear'
12:15:42.291 [Forwarding clearElement on session 060bc4dd33ec2112338aac041910a356 to remote] DEBUG org.asynchttpclient.netty.request.NettyRequestSender - Using open Channel [id: 0x337344e0, L:/127.0.0.1:62496 - R:localhost/127.0.0.1:59028] for POST '/session/060bc4dd33ec2112338aac041910a356/element/f9859712-3a8a-4c41-b590-459138111f17/clear'
12:15:42.315 [AsyncHttpClient-1-2] DEBUG org.asynchttpclient.netty.handler.HttpHandler - 

Request DefaultHttpRequest(decodeResult: success, version: HTTP/1.1)
POST /session/060bc4dd33ec2112338aac041910a356/element/f9859712-3a8a-4c41-b590-459138111f17/clear HTTP/1.1
User-Agent: selenium/4.1.2 (java windows)
Content-Length: 50
Content-Type: application/json; charset=utf-8
host: localhost:59028
accept: */*

Response DefaultHttpResponse(decodeResult: success, version: HTTP/1.1)
HTTP/1.1 200 OK
Content-Type: application/json; charset=utf-8
cache-control: no-cache
content-length: 14

12:15:42.315 [AsyncHttpClient-1-2] DEBUG org.asynchttpclient.netty.channel.ChannelManager - Adding key: http://localhost:59028 for channel [id: 0x337344e0, L:/127.0.0.1:62496 - R:localhost/127.0.0.1:59028]
12:15:42.315 [Forwarding sendKeysToElement on session 060bc4dd33ec2112338aac041910a356 to remote] DEBUG org.asynchttpclient.netty.request.NettyRequestSender - Using pooled Channel '[id: 0x337344e0, L:/127.0.0.1:62496 - R:localhost/127.0.0.1:59028]' for 'POST' to 'http://localhost:59028/session/060bc4dd33ec2112338aac041910a356/element/f9859712-3a8a-4c41-b590-459138111f17/value'
12:15:42.315 [Forwarding sendKeysToElement on session 060bc4dd33ec2112338aac041910a356 to remote] DEBUG org.asynchttpclient.netty.request.NettyRequestSender - Using open Channel [id: 0x337344e0, L:/127.0.0.1:62496 - R:localhost/127.0.0.1:59028] for POST '/session/060bc4dd33ec2112338aac041910a356/element/f9859712-3a8a-4c41-b590-459138111f17/value'
12:15:42.358 [AsyncHttpClient-1-2] DEBUG org.asynchttpclient.netty.handler.HttpHandler - 

Request DefaultHttpRequest(decodeResult: success, version: HTTP/1.1)
POST /session/060bc4dd33ec2112338aac041910a356/element/f9859712-3a8a-4c41-b590-459138111f17/value HTTP/1.1
User-Agent: selenium/4.1.2 (java windows)
Content-Length: 221
Content-Type: application/json; charset=utf-8
host: localhost:59028
accept: */*

Response DefaultHttpResponse(decodeResult: success, version: HTTP/1.1)
HTTP/1.1 200 OK
Content-Type: application/json; charset=utf-8
cache-control: no-cache
content-length: 14

12:15:42.358 [AsyncHttpClient-1-2] DEBUG org.asynchttpclient.netty.channel.ChannelManager - Adding key: http://localhost:59028 for channel [id: 0x337344e0, L:/127.0.0.1:62496 - R:localhost/127.0.0.1:59028]
12:15:42.362 [Forwarding screenshot on session 060bc4dd33ec2112338aac041910a356 to remote] DEBUG org.asynchttpclient.netty.request.NettyRequestSender - Using pooled Channel '[id: 0x337344e0, L:/127.0.0.1:62496 - R:localhost/127.0.0.1:59028]' for 'GET' to 'http://localhost:59028/session/060bc4dd33ec2112338aac041910a356/screenshot'
12:15:42.362 [Forwarding screenshot on session 060bc4dd33ec2112338aac041910a356 to remote] DEBUG org.asynchttpclient.netty.request.NettyRequestSender - Using open Channel [id: 0x337344e0, L:/127.0.0.1:62496 - R:localhost/127.0.0.1:59028] for GET '/session/060bc4dd33ec2112338aac041910a356/screenshot'
12:15:42.424 [AsyncHttpClient-1-2] DEBUG org.asynchttpclient.netty.handler.HttpHandler - 

Request DefaultFullHttpRequest(decodeResult: success, version: HTTP/1.1, content: EmptyByteBufBE)
GET /session/060bc4dd33ec2112338aac041910a356/screenshot HTTP/1.1
User-Agent: selenium/4.1.2 (java windows)
Cache-Control: no-cache
Content-Type: application/json; charset=utf-8
host: localhost:59028
accept: */*

Response DefaultHttpResponse(decodeResult: success, version: HTTP/1.1)
HTTP/1.1 200 OK
Content-Type: application/json; charset=utf-8
cache-control: no-cache
content-length: 34988

12:15:42.424 [AsyncHttpClient-1-2] DEBUG org.asynchttpclient.netty.channel.ChannelManager - Adding key: http://localhost:59028 for channel [id: 0x337344e0, L:/127.0.0.1:62496 - R:localhost/127.0.0.1:59028]
12:15:42.439 [main] DEBUG net.serenitybdd.core.photography.Darkroom - Send negative for processing for target\site\serenity\422cccff9f2f53427a4e5ba9e65f9fbabc4ecf9cc13dec4c21f3f2721218d00b.png
12:15:42.439 [main] DEBUG net.thucydides.core.steps.StepInterceptor - STEP DONE: inputEmail
12:15:42.439 [Darkroom Processing Line] DEBUG net.serenitybdd.core.photography.DarkroomProcessingLine - Processing screenshot image in /var/screenshots/screenshot-873261259653293576
12:15:42.439 [Darkroom Processing Line] DEBUG net.serenitybdd.core.photography.DarkroomProcessingLine - Saving screenshot to target\site\serenity\422cccff9f2f53427a4e5ba9e65f9fbabc4ecf9cc13dec4c21f3f2721218d00b.png
  &amp#27;[32mWhen &amp#27;[0m&amp#27;[32mI input valid email&amp#27;[0m                                  &amp#27;[90m# starter.stepdefinitions.LoginSteps.inputValidEmail()&amp#27;[0m
12:15:42.446 [main] DEBUG net.thucydides.core.steps.StepInterceptor - STARTING STEP: LoginSteps.inputValidPassword - inputPassword
12:15:42.446 [Forwarding findElement on session 060bc4dd33ec2112338aac041910a356 to remote] DEBUG org.asynchttpclient.netty.request.NettyRequestSender - Using pooled Channel '[id: 0x337344e0, L:/127.0.0.1:62496 - R:localhost/127.0.0.1:59028]' for 'POST' to 'http://localhost:59028/session/060bc4dd33ec2112338aac041910a356/element'
12:15:42.446 [Forwarding findElement on session 060bc4dd33ec2112338aac041910a356 to remote] DEBUG org.asynchttpclient.netty.request.NettyRequestSender - Using open Channel [id: 0x337344e0, L:/127.0.0.1:62496 - R:localhost/127.0.0.1:59028] for POST '/session/060bc4dd33ec2112338aac041910a356/element'
12:15:42.462 [AsyncHttpClient-1-2] DEBUG org.asynchttpclient.netty.handler.HttpHandler - 

Request DefaultHttpRequest(decodeResult: success, version: HTTP/1.1)
POST /session/060bc4dd33ec2112338aac041910a356/element HTTP/1.1
User-Agent: selenium/4.1.2 (java windows)
Content-Length: 116
Content-Type: application/json; charset=utf-8
host: localhost:59028
accept: */*

Response DefaultHttpResponse(decodeResult: success, version: HTTP/1.1)
HTTP/1.1 200 OK
Content-Type: application/json; charset=utf-8
cache-control: no-cache
content-length: 88

12:15:42.462 [AsyncHttpClient-1-2] DEBUG org.asynchttpclient.netty.channel.ChannelManager - Adding key: http://localhost:59028 for channel [id: 0x337344e0, L:/127.0.0.1:62496 - R:localhost/127.0.0.1:59028]
12:15:42.462 [Forwarding clearElement on session 060bc4dd33ec2112338aac041910a356 to remote] DEBUG org.asynchttpclient.netty.request.NettyRequestSender - Using pooled Channel '[id: 0x337344e0, L:/127.0.0.1:62496 - R:localhost/127.0.0.1:59028]' for 'POST' to 'http://localhost:59028/session/060bc4dd33ec2112338aac041910a356/element/a8ff65c0-0abe-430b-8bc5-0fee7d000766/clear'
12:15:42.462 [Forwarding clearElement on session 060bc4dd33ec2112338aac041910a356 to remote] DEBUG org.asynchttpclient.netty.request.NettyRequestSender - Using open Channel [id: 0x337344e0, L:/127.0.0.1:62496 - R:localhost/127.0.0.1:59028] for POST '/session/060bc4dd33ec2112338aac041910a356/element/a8ff65c0-0abe-430b-8bc5-0fee7d000766/clear'
12:15:42.509 [AsyncHttpClient-1-2] DEBUG org.asynchttpclient.netty.handler.HttpHandler - 

Request DefaultHttpRequest(decodeResult: success, version: HTTP/1.1)
POST /session/060bc4dd33ec2112338aac041910a356/element/a8ff65c0-0abe-430b-8bc5-0fee7d000766/clear HTTP/1.1
User-Agent: selenium/4.1.2 (java windows)
Content-Length: 50
Content-Type: application/json; charset=utf-8
host: localhost:59028
accept: */*

Response DefaultHttpResponse(decodeResult: success, version: HTTP/1.1)
HTTP/1.1 200 OK
Content-Type: application/json; charset=utf-8
cache-control: no-cache
content-length: 14

12:15:42.509 [AsyncHttpClient-1-2] DEBUG org.asynchttpclient.netty.channel.ChannelManager - Adding key: http://localhost:59028 for channel [id: 0x337344e0, L:/127.0.0.1:62496 - R:localhost/127.0.0.1:59028]
12:15:42.509 [Forwarding sendKeysToElement on session 060bc4dd33ec2112338aac041910a356 to remote] DEBUG org.asynchttpclient.netty.request.NettyRequestSender - Using pooled Channel '[id: 0x337344e0, L:/127.0.0.1:62496 - R:localhost/127.0.0.1:59028]' for 'POST' to 'http://localhost:59028/session/060bc4dd33ec2112338aac041910a356/element/a8ff65c0-0abe-430b-8bc5-0fee7d000766/value'
12:15:42.509 [Forwarding sendKeysToElement on session 060bc4dd33ec2112338aac041910a356 to remote] DEBUG org.asynchttpclient.netty.request.NettyRequestSender - Using open Channel [id: 0x337344e0, L:/127.0.0.1:62496 - R:localhost/127.0.0.1:59028] for POST '/session/060bc4dd33ec2112338aac041910a356/element/a8ff65c0-0abe-430b-8bc5-0fee7d000766/value'
12:15:42.557 [AsyncHttpClient-1-2] DEBUG org.asynchttpclient.netty.handler.HttpHandler - 

Request DefaultHttpRequest(decodeResult: success, version: HTTP/1.1)
POST /session/060bc4dd33ec2112338aac041910a356/element/a8ff65c0-0abe-430b-8bc5-0fee7d000766/value HTTP/1.1
User-Agent: selenium/4.1.2 (java windows)
Content-Length: 131
Content-Type: application/json; charset=utf-8
host: localhost:59028
accept: */*

Response DefaultHttpResponse(decodeResult: success, version: HTTP/1.1)
HTTP/1.1 200 OK
Content-Type: application/json; charset=utf-8
cache-control: no-cache
content-length: 14

12:15:42.557 [AsyncHttpClient-1-2] DEBUG org.asynchttpclient.netty.channel.ChannelManager - Adding key: http://localhost:59028 for channel [id: 0x337344e0, L:/127.0.0.1:62496 - R:localhost/127.0.0.1:59028]
12:15:42.561 [Forwarding screenshot on session 060bc4dd33ec2112338aac041910a356 to remote] DEBUG org.asynchttpclient.netty.request.NettyRequestSender - Using pooled Channel '[id: 0x337344e0, L:/127.0.0.1:62496 - R:localhost/127.0.0.1:59028]' for 'GET' to 'http://localhost:59028/session/060bc4dd33ec2112338aac041910a356/screenshot'
12:15:42.561 [Forwarding screenshot on session 060bc4dd33ec2112338aac041910a356 to remote] DEBUG org.asynchttpclient.netty.request.NettyRequestSender - Using open Channel [id: 0x337344e0, L:/127.0.0.1:62496 - R:localhost/127.0.0.1:59028] for GET '/session/060bc4dd33ec2112338aac041910a356/screenshot'
12:15:42.613 [AsyncHttpClient-1-2] DEBUG org.asynchttpclient.netty.handler.HttpHandler - 

Request DefaultFullHttpRequest(decodeResult: success, version: HTTP/1.1, content: EmptyByteBufBE)
GET /session/060bc4dd33ec2112338aac041910a356/screenshot HTTP/1.1
User-Agent: selenium/4.1.2 (java windows)
Cache-Control: no-cache
Content-Type: application/json; charset=utf-8
host: localhost:59028
accept: */*

Response DefaultHttpResponse(decodeResult: success, version: HTTP/1.1)
HTTP/1.1 200 OK
Content-Type: application/json; charset=utf-8
cache-control: no-cache
content-length: 34884

12:15:42.628 [AsyncHttpClient-1-2] DEBUG org.asynchttpclient.netty.channel.ChannelManager - Adding key: http://localhost:59028 for channel [id: 0x337344e0, L:/127.0.0.1:62496 - R:localhost/127.0.0.1:59028]
12:15:42.628 [main] DEBUG net.serenitybdd.core.photography.Darkroom - Send negative for processing for target\site\serenity\3c2280e05e1436f7f1b6128daf870436cea92e66b078baa8ced6c6bb2adc7c34.png
12:15:42.628 [main] DEBUG net.thucydides.core.steps.StepInterceptor - STEP DONE: inputPassword
12:15:42.628 [Darkroom Processing Line] DEBUG net.serenitybdd.core.photography.DarkroomProcessingLine - Processing screenshot image in /var/screenshots/screenshot-3229577274519255332
  &amp#27;[32mAnd &amp#27;[0m&amp#27;[32mi input valid password&amp#27;[0m                                &amp#27;[90m# starter.stepdefinitions.LoginSteps.inputValidPassword()&amp#27;[0m
12:15:42.628 [Darkroom Processing Line] DEBUG net.serenitybdd.core.photography.DarkroomProcessingLine - Saving screenshot to target\site\serenity\3c2280e05e1436f7f1b6128daf870436cea92e66b078baa8ced6c6bb2adc7c34.png
12:15:42.628 [main] DEBUG net.thucydides.core.steps.StepInterceptor - STARTING STEP: LoginSteps.clickLoginBtn - clickLoginButton
12:15:42.628 [Forwarding findElement on session 060bc4dd33ec2112338aac041910a356 to remote] DEBUG org.asynchttpclient.netty.request.NettyRequestSender - Using pooled Channel '[id: 0x337344e0, L:/127.0.0.1:62496 - R:localhost/127.0.0.1:59028]' for 'POST' to 'http://localhost:59028/session/060bc4dd33ec2112338aac041910a356/element'
12:15:42.628 [Forwarding findElement on session 060bc4dd33ec2112338aac041910a356 to remote] DEBUG org.asynchttpclient.netty.request.NettyRequestSender - Using open Channel [id: 0x337344e0, L:/127.0.0.1:62496 - R:localhost/127.0.0.1:59028] for POST '/session/060bc4dd33ec2112338aac041910a356/element'
12:15:42.644 [AsyncHttpClient-1-2] DEBUG org.asynchttpclient.netty.handler.HttpHandler - 

Request DefaultHttpRequest(decodeResult: success, version: HTTP/1.1)
POST /session/060bc4dd33ec2112338aac041910a356/element HTTP/1.1
User-Agent: selenium/4.1.2 (java windows)
Content-Length: 105
Content-Type: application/json; charset=utf-8
host: localhost:59028
accept: */*

Response DefaultHttpResponse(decodeResult: success, version: HTTP/1.1)
HTTP/1.1 200 OK
Content-Type: application/json; charset=utf-8
cache-control: no-cache
content-length: 88

12:15:42.644 [AsyncHttpClient-1-2] DEBUG org.asynchttpclient.netty.channel.ChannelManager - Adding key: http://localhost:59028 for channel [id: 0x337344e0, L:/127.0.0.1:62496 - R:localhost/127.0.0.1:59028]
12:15:42.644 [Forwarding getElementTagName on session 060bc4dd33ec2112338aac041910a356 to remote] DEBUG org.asynchttpclient.netty.request.NettyRequestSender - Using pooled Channel '[id: 0x337344e0, L:/127.0.0.1:62496 - R:localhost/127.0.0.1:59028]' for 'GET' to 'http://localhost:59028/session/060bc4dd33ec2112338aac041910a356/element/ca22b19f-3ac4-4ec2-8ae7-fb8616ee21b7/name'
12:15:42.644 [Forwarding getElementTagName on session 060bc4dd33ec2112338aac041910a356 to remote] DEBUG org.asynchttpclient.netty.request.NettyRequestSender - Using open Channel [id: 0x337344e0, L:/127.0.0.1:62496 - R:localhost/127.0.0.1:59028] for GET '/session/060bc4dd33ec2112338aac041910a356/element/ca22b19f-3ac4-4ec2-8ae7-fb8616ee21b7/name'
12:15:42.644 [AsyncHttpClient-1-2] DEBUG org.asynchttpclient.netty.handler.HttpHandler - 

Request DefaultFullHttpRequest(decodeResult: success, version: HTTP/1.1, content: EmptyByteBufBE)
GET /session/060bc4dd33ec2112338aac041910a356/element/ca22b19f-3ac4-4ec2-8ae7-fb8616ee21b7/name HTTP/1.1
User-Agent: selenium/4.1.2 (java windows)
Cache-Control: no-cache
Content-Type: application/json; charset=utf-8
host: localhost:59028
accept: */*

Response DefaultHttpResponse(decodeResult: success, version: HTTP/1.1)
HTTP/1.1 200 OK
Content-Type: application/json; charset=utf-8
cache-control: no-cache
content-length: 18

12:15:42.644 [AsyncHttpClient-1-2] DEBUG org.asynchttpclient.netty.channel.ChannelManager - Adding key: http://localhost:59028 for channel [id: 0x337344e0, L:/127.0.0.1:62496 - R:localhost/127.0.0.1:59028]
12:15:42.644 [Forwarding getElementTagName on session 060bc4dd33ec2112338aac041910a356 to remote] DEBUG org.asynchttpclient.netty.request.NettyRequestSender - Using pooled Channel '[id: 0x337344e0, L:/127.0.0.1:62496 - R:localhost/127.0.0.1:59028]' for 'GET' to 'http://localhost:59028/session/060bc4dd33ec2112338aac041910a356/element/ca22b19f-3ac4-4ec2-8ae7-fb8616ee21b7/name'
12:15:42.644 [Forwarding getElementTagName on session 060bc4dd33ec2112338aac041910a356 to remote] DEBUG org.asynchttpclient.netty.request.NettyRequestSender - Using open Channel [id: 0x337344e0, L:/127.0.0.1:62496 - R:localhost/127.0.0.1:59028] for GET '/session/060bc4dd33ec2112338aac041910a356/element/ca22b19f-3ac4-4ec2-8ae7-fb8616ee21b7/name'
12:15:42.660 [AsyncHttpClient-1-2] DEBUG org.asynchttpclient.netty.handler.HttpHandler - 

Request DefaultFullHttpRequest(decodeResult: success, version: HTTP/1.1, content: EmptyByteBufBE)
GET /session/060bc4dd33ec2112338aac041910a356/element/ca22b19f-3ac4-4ec2-8ae7-fb8616ee21b7/name HTTP/1.1
User-Agent: selenium/4.1.2 (java windows)
Cache-Control: no-cache
Content-Type: application/json; charset=utf-8
host: localhost:59028
accept: */*

Response DefaultHttpResponse(decodeResult: success, version: HTTP/1.1)
HTTP/1.1 200 OK
Content-Type: application/json; charset=utf-8
cache-control: no-cache
content-length: 18

12:15:42.660 [AsyncHttpClient-1-2] DEBUG org.asynchttpclient.netty.channel.ChannelManager - Adding key: http://localhost:59028 for channel [id: 0x337344e0, L:/127.0.0.1:62496 - R:localhost/127.0.0.1:59028]
12:15:42.660 [Forwarding isElementEnabled on session 060bc4dd33ec2112338aac041910a356 to remote] DEBUG org.asynchttpclient.netty.request.NettyRequestSender - Using pooled Channel '[id: 0x337344e0, L:/127.0.0.1:62496 - R:localhost/127.0.0.1:59028]' for 'GET' to 'http://localhost:59028/session/060bc4dd33ec2112338aac041910a356/element/ca22b19f-3ac4-4ec2-8ae7-fb8616ee21b7/enabled'
12:15:42.660 [Forwarding isElementEnabled on session 060bc4dd33ec2112338aac041910a356 to remote] DEBUG org.asynchttpclient.netty.request.NettyRequestSender - Using open Channel [id: 0x337344e0, L:/127.0.0.1:62496 - R:localhost/127.0.0.1:59028] for GET '/session/060bc4dd33ec2112338aac041910a356/element/ca22b19f-3ac4-4ec2-8ae7-fb8616ee21b7/enabled'
12:15:42.660 [AsyncHttpClient-1-2] DEBUG org.asynchttpclient.netty.handler.HttpHandler - 

Request DefaultFullHttpRequest(decodeResult: success, version: HTTP/1.1, content: EmptyByteBufBE)
GET /session/060bc4dd33ec2112338aac041910a356/element/ca22b19f-3ac4-4ec2-8ae7-fb8616ee21b7/enabled HTTP/1.1
User-Agent: selenium/4.1.2 (java windows)
Cache-Control: no-cache
Content-Type: application/json; charset=utf-8
host: localhost:59028
accept: */*

Response DefaultHttpResponse(decodeResult: success, version: HTTP/1.1)
HTTP/1.1 200 OK
Content-Type: application/json; charset=utf-8
cache-control: no-cache
content-length: 14

12:15:42.660 [AsyncHttpClient-1-2] DEBUG org.asynchttpclient.netty.channel.ChannelManager - Adding key: http://localhost:59028 for channel [id: 0x337344e0, L:/127.0.0.1:62496 - R:localhost/127.0.0.1:59028]
12:15:42.660 [Forwarding isElementEnabled on session 060bc4dd33ec2112338aac041910a356 to remote] DEBUG org.asynchttpclient.netty.request.NettyRequestSender - Using pooled Channel '[id: 0x337344e0, L:/127.0.0.1:62496 - R:localhost/127.0.0.1:59028]' for 'GET' to 'http://localhost:59028/session/060bc4dd33ec2112338aac041910a356/element/ca22b19f-3ac4-4ec2-8ae7-fb8616ee21b7/enabled'
12:15:42.660 [Forwarding isElementEnabled on session 060bc4dd33ec2112338aac041910a356 to remote] DEBUG org.asynchttpclient.netty.request.NettyRequestSender - Using open Channel [id: 0x337344e0, L:/127.0.0.1:62496 - R:localhost/127.0.0.1:59028] for GET '/session/060bc4dd33ec2112338aac041910a356/element/ca22b19f-3ac4-4ec2-8ae7-fb8616ee21b7/enabled'
12:15:42.660 [AsyncHttpClient-1-2] DEBUG org.asynchttpclient.netty.handler.HttpHandler - 

Request DefaultFullHttpRequest(decodeResult: success, version: HTTP/1.1, content: EmptyByteBufBE)
GET /session/060bc4dd33ec2112338aac041910a356/element/ca22b19f-3ac4-4ec2-8ae7-fb8616ee21b7/enabled HTTP/1.1
User-Agent: selenium/4.1.2 (java windows)
Cache-Control: no-cache
Content-Type: application/json; charset=utf-8
host: localhost:59028
accept: */*

Response DefaultHttpResponse(decodeResult: success, version: HTTP/1.1)
HTTP/1.1 200 OK
Content-Type: application/json; charset=utf-8
cache-control: no-cache
content-length: 14

12:15:42.675 [AsyncHttpClient-1-2] DEBUG org.asynchttpclient.netty.channel.ChannelManager - Adding key: http://localhost:59028 for channel [id: 0x337344e0, L:/127.0.0.1:62496 - R:localhost/127.0.0.1:59028]
12:15:42.675 [Forwarding findElement on session 060bc4dd33ec2112338aac041910a356 to remote] DEBUG org.asynchttpclient.netty.request.NettyRequestSender - Using pooled Channel '[id: 0x337344e0, L:/127.0.0.1:62496 - R:localhost/127.0.0.1:59028]' for 'POST' to 'http://localhost:59028/session/060bc4dd33ec2112338aac041910a356/element'
12:15:42.675 [Forwarding findElement on session 060bc4dd33ec2112338aac041910a356 to remote] DEBUG org.asynchttpclient.netty.request.NettyRequestSender - Using open Channel [id: 0x337344e0, L:/127.0.0.1:62496 - R:localhost/127.0.0.1:59028] for POST '/session/060bc4dd33ec2112338aac041910a356/element'
12:15:42.675 [AsyncHttpClient-1-2] DEBUG org.asynchttpclient.netty.handler.HttpHandler - 

Request DefaultHttpRequest(decodeResult: success, version: HTTP/1.1)
POST /session/060bc4dd33ec2112338aac041910a356/element HTTP/1.1
User-Agent: selenium/4.1.2 (java windows)
Content-Length: 105
Content-Type: application/json; charset=utf-8
host: localhost:59028
accept: */*

Response DefaultHttpResponse(decodeResult: success, version: HTTP/1.1)
HTTP/1.1 200 OK
Content-Type: application/json; charset=utf-8
cache-control: no-cache
content-length: 88

12:15:42.675 [AsyncHttpClient-1-2] DEBUG org.asynchttpclient.netty.channel.ChannelManager - Adding key: http://localhost:59028 for channel [id: 0x337344e0, L:/127.0.0.1:62496 - R:localhost/127.0.0.1:59028]
12:15:42.675 [Forwarding clickElement on session 060bc4dd33ec2112338aac041910a356 to remote] DEBUG org.asynchttpclient.netty.request.NettyRequestSender - Using pooled Channel '[id: 0x337344e0, L:/127.0.0.1:62496 - R:localhost/127.0.0.1:59028]' for 'POST' to 'http://localhost:59028/session/060bc4dd33ec2112338aac041910a356/element/ca22b19f-3ac4-4ec2-8ae7-fb8616ee21b7/click'
12:15:42.675 [Forwarding clickElement on session 060bc4dd33ec2112338aac041910a356 to remote] DEBUG org.asynchttpclient.netty.request.NettyRequestSender - Using open Channel [id: 0x337344e0, L:/127.0.0.1:62496 - R:localhost/127.0.0.1:59028] for POST '/session/060bc4dd33ec2112338aac041910a356/element/ca22b19f-3ac4-4ec2-8ae7-fb8616ee21b7/click'
12:15:42.703 [AsyncHttpClient-1-2] DEBUG org.asynchttpclient.netty.handler.HttpHandler - 

Request DefaultHttpRequest(decodeResult: success, version: HTTP/1.1)
POST /session/060bc4dd33ec2112338aac041910a356/element/ca22b19f-3ac4-4ec2-8ae7-fb8616ee21b7/click HTTP/1.1
User-Agent: selenium/4.1.2 (java windows)
Content-Length: 50
Content-Type: application/json; charset=utf-8
host: localhost:59028
accept: */*

Response DefaultHttpResponse(decodeResult: success, version: HTTP/1.1)
HTTP/1.1 200 OK
Content-Type: application/json; charset=utf-8
cache-control: no-cache
content-length: 14

12:15:42.703 [AsyncHttpClient-1-2] DEBUG org.asynchttpclient.netty.channel.ChannelManager - Adding key: http://localhost:59028 for channel [id: 0x337344e0, L:/127.0.0.1:62496 - R:localhost/127.0.0.1:59028]
12:15:42.708 [Forwarding screenshot on session 060bc4dd33ec2112338aac041910a356 to remote] DEBUG org.asynchttpclient.netty.request.NettyRequestSender - Using pooled Channel '[id: 0x337344e0, L:/127.0.0.1:62496 - R:localhost/127.0.0.1:59028]' for 'GET' to 'http://localhost:59028/session/060bc4dd33ec2112338aac041910a356/screenshot'
12:15:42.708 [Forwarding screenshot on session 060bc4dd33ec2112338aac041910a356 to remote] DEBUG org.asynchttpclient.netty.request.NettyRequestSender - Using open Channel [id: 0x337344e0, L:/127.0.0.1:62496 - R:localhost/127.0.0.1:59028] for GET '/session/060bc4dd33ec2112338aac041910a356/screenshot'
12:15:42.760 [AsyncHttpClient-1-2] DEBUG org.asynchttpclient.netty.handler.HttpHandler - 

Request DefaultFullHttpRequest(decodeResult: success, version: HTTP/1.1, content: EmptyByteBufBE)
GET /session/060bc4dd33ec2112338aac041910a356/screenshot HTTP/1.1
User-Agent: selenium/4.1.2 (java windows)
Cache-Control: no-cache
Content-Type: application/json; charset=utf-8
host: localhost:59028
accept: */*

Response DefaultHttpResponse(decodeResult: success, version: HTTP/1.1)
HTTP/1.1 200 OK
Content-Type: application/json; charset=utf-8
cache-control: no-cache
content-length: 35080

12:15:42.760 [AsyncHttpClient-1-2] DEBUG org.asynchttpclient.netty.channel.ChannelManager - Adding key: http://localhost:59028 for channel [id: 0x337344e0, L:/127.0.0.1:62496 - R:localhost/127.0.0.1:59028]
12:15:42.775 [main] DEBUG net.serenitybdd.core.photography.Darkroom - Send negative for processing for target\site\serenity\f6f008ad6c446a4e2c9075fb6ca92647b94515b62cd970f96758314bca8f3d66.png
12:15:42.775 [main] DEBUG net.thucydides.core.steps.StepInterceptor - STEP DONE: clickLoginButton
12:15:42.775 [Darkroom Processing Line] DEBUG net.serenitybdd.core.photography.DarkroomProcessingLine - Processing screenshot image in /var/screenshots/screenshot-2724481998190600878
  &amp#27;[32mAnd &amp#27;[0m&amp#27;[32mI click login button&amp#27;[0m                                  &amp#27;[90m# starter.stepdefinitions.LoginSteps.clickLoginBtn()&amp#27;[0m
12:15:42.775 [Darkroom Processing Line] DEBUG net.serenitybdd.core.photography.DarkroomProcessingLine - Saving screenshot to target\site\serenity\f6f008ad6c446a4e2c9075fb6ca92647b94515b62cd970f96758314bca8f3d66.png
  &amp#27;[32mThen &amp#27;[0m&amp#27;[32mI am on the dashboard&amp#27;[0m                                &amp#27;[90m# starter.stepdefinitions.LoginSteps.onTheDashboard()&amp#27;[0m
12:15:42.775 [main] INFO  - 
  _____   ___   ___   _____     ___     _     ___   ___   ___   ___  
 |_   _| | __| / __| |_   _|   | _ \   /_\   / __| / __| | __| |   \ 
   | |   | _|  \__ \   | |     |  _/  / _ \  \__ \ \__ \ | _|  | |) |
   |_|   |___| |___/   |_|     |_|   /_/ \_\ |___/ |___/ |___| |___/ 

As Admin, I have be able to success login
----------------------------------------------------------------------
12:15:42.853 [Driver Command Executor] DEBUG org.asynchttpclient.netty.request.NettyRequestSender - Using pooled Channel '[id: 0x337344e0, L:/127.0.0.1:62496 - R:localhost/127.0.0.1:59028]' for 'DELETE' to 'http://localhost:59028/session/060bc4dd33ec2112338aac041910a356'
12:15:42.853 [Driver Command Executor] DEBUG org.asynchttpclient.netty.request.NettyRequestSender - Using open Channel [id: 0x337344e0, L:/127.0.0.1:62496 - R:localhost/127.0.0.1:59028] for DELETE '/session/060bc4dd33ec2112338aac041910a356'
12:15:42.853 [AsyncHttpClient-1-4] DEBUG org.asynchttpclient.netty.handler.WebSocketHandler - Channel Closed: [id: 0x5523983b, L:/127.0.0.1:62504 ! R:localhost/127.0.0.1:62497] with attribute NettyResponseFuture{currentRetry=5,
	isDone=1,
	isCancelled=0,
	asyncHandler=org.asynchttpclient.ws.WebSocketUpgradeHandler@1e007282,
	nettyRequest=org.asynchttpclient.netty.request.NettyRequest@612fd86d,
	future=java.util.concurrent.CompletableFuture@7f3a8042[Completed normally],
	uri=ws://localhost:62497/devtools/browser/cddfa914-a80d-4ea4-b417-7118c724bd08,
	keepAlive=true,
	redirectCount=0,
	timeoutsHolder=null,
	inAuth=0,
	touch=1658380541424}
12:15:42.853 [AsyncHttpClient-1-4] DEBUG org.asynchttpclient.netty.channel.ChannelManager - Closing Channel [id: 0x5523983b, L:/127.0.0.1:62504 ! R:localhost/127.0.0.1:62497] 
12:15:42.882 [AsyncHttpClient-1-3] DEBUG org.asynchttpclient.netty.handler.HttpHandler - Unexpected I/O exception on channel [id: 0x7c2ee03a, L:/127.0.0.1:62503 - R:localhost/127.0.0.1:62497]
java.io.IOException: An existing connection was forcibly closed by the remote host
	at sun.nio.ch.SocketDispatcher.read0(Native Method)
	at sun.nio.ch.SocketDispatcher.read(SocketDispatcher.java:43)
	at sun.nio.ch.IOUtil.readIntoNativeBuffer(IOUtil.java:223)
	at sun.nio.ch.IOUtil.read(IOUtil.java:192)
	at sun.nio.ch.SocketChannelImpl.read(SocketChannelImpl.java:378)
	at io.netty.buffer.PooledByteBuf.setBytes(PooledByteBuf.java:258)
	at io.netty.buffer.AbstractByteBuf.writeBytes(AbstractByteBuf.java:1132)
	at io.netty.channel.socket.nio.NioSocketChannel.doReadBytes(NioSocketChannel.java:350)
	at io.netty.channel.nio.AbstractNioByteChannel$NioByteUnsafe.read(AbstractNioByteChannel.java:151)
	at io.netty.channel.nio.NioEventLoop.processSelectedKey(NioEventLoop.java:722)
	at io.netty.channel.nio.NioEventLoop.processSelectedKeysOptimized(NioEventLoop.java:658)
	at io.netty.channel.nio.NioEventLoop.processSelectedKeys(NioEventLoop.java:584)
	at io.netty.channel.nio.NioEventLoop.run(NioEventLoop.java:496)
	at io.netty.util.concurrent.SingleThreadEventExecutor$4.run(SingleThreadEventExecutor.java:986)
	at io.netty.util.internal.ThreadExecutorMap$2.run(ThreadExecutorMap.java:74)
	at io.netty.util.concurrent.FastThreadLocalRunnable.run(FastThreadLocalRunnable.java:30)
	at java.lang.Thread.run(Thread.java:750)
12:15:42.883 [AsyncHttpClient-1-3] DEBUG org.asynchttpclient.netty.channel.ChannelManager - Closing Channel [id: 0x7c2ee03a, L:/127.0.0.1:62503 - R:localhost/127.0.0.1:62497] 
12:15:42.884 [AsyncHttpClient-1-3] DEBUG org.asynchttpclient.netty.handler.HttpHandler - Channel Closed: [id: 0x7c2ee03a, L:/127.0.0.1:62503 ! R:localhost/127.0.0.1:62497] with attribute DISCARD
12:15:42.886 [AsyncHttpClient-1-2] DEBUG org.asynchttpclient.netty.handler.HttpHandler - 

Request DefaultFullHttpRequest(decodeResult: success, version: HTTP/1.1, content: EmptyByteBufBE)
DELETE /session/060bc4dd33ec2112338aac041910a356 HTTP/1.1
User-Agent: selenium/4.1.2 (java windows)
Content-Type: application/json; charset=utf-8
host: localhost:59028
accept: */*

Response DefaultHttpResponse(decodeResult: success, version: HTTP/1.1)
HTTP/1.1 200 OK
Content-Type: application/json; charset=utf-8
cache-control: no-cache
content-length: 14

12:15:42.886 [AsyncHttpClient-1-2] DEBUG org.asynchttpclient.netty.channel.ChannelManager - Adding key: http://localhost:59028 for channel [id: 0x337344e0, L:/127.0.0.1:62496 - R:localhost/127.0.0.1:59028]
12:15:42.932 [AsyncHttpClient-1-2] DEBUG org.asynchttpclient.netty.handler.HttpHandler - Channel Closed: [id: 0x337344e0, L:/127.0.0.1:62496 ! R:localhost/127.0.0.1:59028] with attribute DISCARD
12:15:43.026 [AsyncHttpClient-1-1] DEBUG org.asynchttpclient.netty.channel.DefaultChannelPool - Entry count for : http://localhost:62497 : 1
12:15:43.026 [AsyncHttpClient-1-1] DEBUG org.asynchttpclient.netty.channel.DefaultChannelPool - Entry count for : http://localhost:59028 : 1
12:15:43.026 [AsyncHttpClient-1-1] DEBUG org.asynchttpclient.netty.channel.DefaultChannelPool - Adding Candidate expired Channel [id: 0x7c2ee03a, L:/127.0.0.1:62503 ! R:localhost/127.0.0.1:62497] isIdleTimeoutExpired=false isRemotelyClosed=true isTtlExpired=false
12:15:43.026 [AsyncHttpClient-1-1] DEBUG org.asynchttpclient.netty.channel.DefaultChannelPool - Closing Idle Channel [id: 0x7c2ee03a, L:/127.0.0.1:62503 ! R:localhost/127.0.0.1:62497]
12:15:43.026 [AsyncHttpClient-1-1] DEBUG org.asynchttpclient.netty.channel.DefaultChannelPool - Adding Candidate expired Channel [id: 0x337344e0, L:/127.0.0.1:62496 ! R:localhost/127.0.0.1:59028] isIdleTimeoutExpired=false isRemotelyClosed=true isTtlExpired=false
12:15:43.026 [AsyncHttpClient-1-1] DEBUG org.asynchttpclient.netty.channel.DefaultChannelPool - Closing Idle Channel [id: 0x337344e0, L:/127.0.0.1:62496 ! R:localhost/127.0.0.1:59028]
12:15:43.026 [AsyncHttpClient-1-1] DEBUG org.asynchttpclient.netty.channel.DefaultChannelPool - Closed 2 connections out of 2 in 0 ms
]]></system-out>
    <system-err><![CDATA[Starting ChromeDriver 103.0.5060.134 (8ec6fce403b3feb0869b0732eda8bd95011d333c-refs/branch-heads/5060@{#1262}) on port 59028
Only local connections are allowed.
Please see https://chromedriver.chromium.org/security-considerations for suggestions on keeping ChromeDriver safe.
ChromeDriver was started successfully.
Jul 21, 2022 12:15:41 PM org.openqa.selenium.remote.ProtocolHandshake createSession
INFO: Detected dialect: W3C
Jul 21, 2022 12:15:41 PM org.openqa.selenium.devtools.CdpVersionFinder findNearestMatch
WARNING: Unable to find an exact match for CDP version 103, so returning the closest version found: a no-op implementation
Jul 21, 2022 12:15:41 PM org.openqa.selenium.devtools.CdpVersionFinder findNearestMatch
INFO: Unable to find CDP implementation matching 103.
Jul 21, 2022 12:15:41 PM org.openqa.selenium.chromium.ChromiumDriver lambda$new$3
WARNING: Unable to find version of CDP to use for . You may need to include a dependency on a specific version of the CDP using something similar to `org.seleniumhq.selenium:selenium-devtools-v86:4.1.2` where the version ("v86") matches the version of the chromium-based browser you're using and the version number of the artifact is the same as Selenium's.
]]></system-err>
  </testcase>
  <testcase name="As Admin, I have submit invalid data login" classname="Login" time="3.666">
    <system-out><![CDATA[
Scenario: As Admin, I have submit invalid data login &amp#27;[90m# src/test/resources/features/TC01_Login.feature:13&amp#27;[0m
12:15:43.458 [main] INFO io.cucumber.core.plugin.SerenityReporter - Running feature from file:///C:/Users/HP/IdeaProjects/Capstone_GYMweb/src/test/resources/features/TC01_Login.feature
12:15:43.458 [main] INFO  - 
  _____   ___   ___   _____     ___   _____     _     ___   _____   ___   ___  
 |_   _| | __| / __| |_   _|   / __| |_   _|   /_\   | _ \ |_   _| | __| |   \ 
   | |   | _|  \__ \   | |     \__ \   | |    / _ \  |   /   | |   | _|  | |) |
   |_|   |___| |___/   |_|     |___/   |_|   /_/ \_\ |_|_\   |_|   |___| |___/ 

As Admin, I have submit invalid data login(login;as-admin--i-have-submit-invalid-data-login)
--------------------------------------------------------------------------------
12:15:43.489 [main] DEBUG net.thucydides.core.steps.StepInterceptor - STARTING STEP: LoginSteps.onTheLoginPage - openPage
12:15:43.489 [main] INFO net.serenitybdd.core.webdriver.driverproviders.ChromeDriverProvider - Using automatically driver download
12:15:43.565 [main] DEBUG io.github.bonigarcia.wdm.cache.ResolutionCache - Resolution chrome=103 in cache (valid until 12:40:12 21/07/2022 ICT)
12:15:43.565 [main] DEBUG io.github.bonigarcia.wdm.cache.ResolutionCache - Resolution chrome103=103.0.5060.134 in cache (valid until 09:24:50 22/07/2022 ICT)
12:15:43.565 [main] INFO io.github.bonigarcia.wdm.WebDriverManager - Using chromedriver 103.0.5060.134 (resolved driver for Chrome 103)
12:15:43.580 [main] DEBUG io.github.bonigarcia.wdm.WebDriverManager - Driver chromedriver 103.0.5060.134 found in cache
12:15:43.580 [main] INFO io.github.bonigarcia.wdm.WebDriverManager - Exporting webdriver.chrome.driver as C:\Users\HP\.cache\selenium\chromedriver\win32\103.0.5060.134\chromedriver.exe
12:15:43.658 [main] DEBUG net.serenitybdd.core.webdriver.driverproviders.ProvideNewDriver - Instantiating driver
12:15:43.658 [main] DEBUG net.serenitybdd.core.webdriver.driverproviders.ProvideNewDriver - Driver capabilities: Capabilities {acceptInsecureCerts: false, base.url: https://www.saucedemo.com/, browserName: chrome, chrome.driver: src/test/resources/webdrive..., driver: chrome, goog:chromeOptions: {args: [], extensions: []}}
12:15:44.182 [AsyncHttpClient-1-5] DEBUG org.asynchttpclient.netty.channel.NettyConnectListener - Using new Channel '[id: 0xd37b1716, L:/127.0.0.1:62514 - R:localhost/127.0.0.1:53672]' for 'POST' to '/session'
12:15:44.676 [AsyncHttpClient-1-5] DEBUG org.asynchttpclient.netty.handler.HttpHandler - 

Request DefaultHttpRequest(decodeResult: success, version: HTTP/1.1)
POST /session HTTP/1.1
User-Agent: selenium/4.1.2 (java windows)
Content-Length: 612
Content-Type: application/json; charset=utf-8
host: localhost:53672
accept: */*

Response DefaultHttpResponse(decodeResult: success, version: HTTP/1.1)
HTTP/1.1 200 OK
Content-Type: application/json; charset=utf-8
cache-control: no-cache
content-length: 789

12:15:44.676 [AsyncHttpClient-1-5] DEBUG org.asynchttpclient.netty.channel.ChannelManager - Adding key: http://localhost:53672 for channel [id: 0xd37b1716, L:/127.0.0.1:62514 - R:localhost/127.0.0.1:53672]
12:15:44.676 [AsyncHttpClient-1-6] DEBUG org.asynchttpclient.netty.channel.NettyConnectListener - Using new Channel '[id: 0x22596691, L:/127.0.0.1:62522 - R:localhost/127.0.0.1:62515]' for 'GET' to '/json/version'
12:15:44.676 [AsyncHttpClient-1-6] DEBUG org.asynchttpclient.netty.handler.HttpHandler - 

Request DefaultFullHttpRequest(decodeResult: success, version: HTTP/1.1, content: EmptyByteBufBE)
GET /json/version HTTP/1.1
User-Agent: selenium/4.1.2 (java windows)
host: localhost:62515
accept: */*

Response DefaultHttpResponse(decodeResult: success, version: HTTP/1.1)
HTTP/1.1 200 OK
Content-Type: application/json; charset=UTF-8
content-length: 429

12:15:44.676 [AsyncHttpClient-1-6] DEBUG org.asynchttpclient.netty.channel.ChannelManager - Adding key: http://localhost:62515 for channel [id: 0x22596691, L:/127.0.0.1:62522 - R:localhost/127.0.0.1:62515]
12:15:44.692 [AsyncHttpClient-1-7] DEBUG org.asynchttpclient.netty.channel.NettyConnectListener - Using new Channel '[id: 0x6e5ade79, L:/127.0.0.1:62523 - R:localhost/127.0.0.1:62515]' for 'GET' to '/devtools/browser/77440195-d5b8-4289-a84a-7b89e344c53e'
12:15:44.692 [AsyncHttpClient-1-7] DEBUG org.asynchttpclient.netty.handler.WebSocketHandler - 

Request DefaultFullHttpRequest(decodeResult: success, version: HTTP/1.1, content: EmptyByteBufBE)
GET /devtools/browser/77440195-d5b8-4289-a84a-7b89e344c53e HTTP/1.1
upgrade: websocket
connection: upgrade
sec-websocket-key: tBtgVHhIuL6ag2KzSIZgXw==
sec-websocket-version: 13
origin: http://localhost:62515
host: localhost:62515
accept: */*
user-agent: AHC/2.1

Response DefaultHttpResponse(decodeResult: success, version: HTTP/1.1)
HTTP/1.1 101 WebSocket Protocol Handshake
Upgrade: WebSocket
Connection: Upgrade
Sec-WebSocket-Accept: wSHSiFt8qAxiCdMzFjQMcggRF2o=

12:15:44.692 [Forwarding get on session 41c801aa44dae9c74ae91ef453130f1a to remote] DEBUG org.asynchttpclient.netty.request.NettyRequestSender - Using pooled Channel '[id: 0xd37b1716, L:/127.0.0.1:62514 - R:localhost/127.0.0.1:53672]' for 'POST' to 'http://localhost:53672/session/41c801aa44dae9c74ae91ef453130f1a/url'
12:15:44.692 [Forwarding get on session 41c801aa44dae9c74ae91ef453130f1a to remote] DEBUG org.asynchttpclient.netty.request.NettyRequestSender - Using open Channel [id: 0xd37b1716, L:/127.0.0.1:62514 - R:localhost/127.0.0.1:53672] for POST '/session/41c801aa44dae9c74ae91ef453130f1a/url'
12:15:44.991 [AsyncHttpClient-1-5] DEBUG org.asynchttpclient.netty.handler.HttpHandler - 

Request DefaultHttpRequest(decodeResult: success, version: HTTP/1.1)
POST /session/41c801aa44dae9c74ae91ef453130f1a/url HTTP/1.1
[...]
  &amp#27;[32mGiven &amp#27;[0m&amp#27;[32mI am in dshboard page&amp#27;[0m                         &amp#27;[90m# starter.stepdefinitions.SettingScenarioSteps.onTheDashboard()&amp#27;[0m
12:16:01.468 [Forwarding findElement on session 65a0d4c2d7736bfc82461b56936983f1 to remote] DEBUG org.asynchttpclient.netty.request.NettyRequestSender - Using pooled Channel '[id: 0x2301f4aa, L:/127.0.0.1:62619 - R:localhost/127.0.0.1:53460]' for 'POST' to 'http://localhost:53460/session/65a0d4c2d7736bfc82461b56936983f1/element'
12:16:01.468 [Forwarding findElement on session 65a0d4c2d7736bfc82461b56936983f1 to remote] DEBUG org.asynchttpclient.netty.request.NettyRequestSender - Using open Channel [id: 0x2301f4aa, L:/127.0.0.1:62619 - R:localhost/127.0.0.1:53460] for POST '/session/65a0d4c2d7736bfc82461b56936983f1/element'
12:16:01.476 [AsyncHttpClient-1-7] DEBUG org.asynchttpclient.netty.handler.HttpHandler - 

Request DefaultHttpRequest(decodeResult: success, version: HTTP/1.1)
POST /session/65a0d4c2d7736bfc82461b56936983f1/element HTTP/1.1
User-Agent: selenium/4.1.2 (java windows)
Content-Length: 131
Content-Type: application/json; charset=utf-8
host: localhost:53460
accept: */*

Response DefaultHttpResponse(decodeResult: success, version: HTTP/1.1)
HTTP/1.1 200 OK
Content-Type: application/json; charset=utf-8
cache-control: no-cache
content-length: 88

12:16:01.476 [AsyncHttpClient-1-7] DEBUG org.asynchttpclient.netty.channel.ChannelManager - Adding key: http://localhost:53460 for channel [id: 0x2301f4aa, L:/127.0.0.1:62619 - R:localhost/127.0.0.1:53460]
12:16:01.476 [Forwarding getElementTagName on session 65a0d4c2d7736bfc82461b56936983f1 to remote] DEBUG org.asynchttpclient.netty.request.NettyRequestSender - Using pooled Channel '[id: 0x2301f4aa, L:/127.0.0.1:62619 - R:localhost/127.0.0.1:53460]' for 'GET' to 'http://localhost:53460/session/65a0d4c2d7736bfc82461b56936983f1/element/fce6ffa8-893c-4511-8c24-69dd7876c139/name'
12:16:01.477 [Forwarding getElementTagName on session 65a0d4c2d7736bfc82461b56936983f1 to remote] DEBUG org.asynchttpclient.netty.request.NettyRequestSender - Using open Channel [id: 0x2301f4aa, L:/127.0.0.1:62619 - R:localhost/127.0.0.1:53460] for GET '/session/65a0d4c2d7736bfc82461b56936983f1/element/fce6ffa8-893c-4511-8c24-69dd7876c139/name'
12:16:01.481 [AsyncHttpClient-1-7] DEBUG org.asynchttpclient.netty.handler.HttpHandler - 

Request DefaultFullHttpRequest(decodeResult: success, version: HTTP/1.1, content: EmptyByteBufBE)
GET /session/65a0d4c2d7736bfc82461b56936983f1/element/fce6ffa8-893c-4511-8c24-69dd7876c139/name HTTP/1.1
User-Agent: selenium/4.1.2 (java windows)
Cache-Control: no-cache
Content-Type: application/json; charset=utf-8
host: localhost:53460
accept: */*

Response DefaultHttpResponse(decodeResult: success, version: HTTP/1.1)
HTTP/1.1 200 OK
Content-Type: application/json; charset=utf-8
cache-control: no-cache
content-length: 16

12:16:01.481 [AsyncHttpClient-1-7] DEBUG org.asynchttpclient.netty.channel.ChannelManager - Adding key: http://localhost:53460 for channel [id: 0x2301f4aa, L:/127.0.0.1:62619 - R:localhost/127.0.0.1:53460]
12:16:01.482 [Forwarding getElementTagName on session 65a0d4c2d7736bfc82461b56936983f1 to remote] DEBUG org.asynchttpclient.netty.request.NettyRequestSender - Using pooled Channel '[id: 0x2301f4aa, L:/127.0.0.1:62619 - R:localhost/127.0.0.1:53460]' for 'GET' to 'http://localhost:53460/session/65a0d4c2d7736bfc82461b56936983f1/element/fce6ffa8-893c-4511-8c24-69dd7876c139/name'
12:16:01.482 [Forwarding getElementTagName on session 65a0d4c2d7736bfc82461b56936983f1 to remote] DEBUG org.asynchttpclient.netty.request.NettyRequestSender - Using open Channel [id: 0x2301f4aa, L:/127.0.0.1:62619 - R:localhost/127.0.0.1:53460] for GET '/session/65a0d4c2d7736bfc82461b56936983f1/element/fce6ffa8-893c-4511-8c24-69dd7876c139/name'
12:16:01.484 [AsyncHttpClient-1-7] DEBUG org.asynchttpclient.netty.handler.HttpHandler - 

Request DefaultFullHttpRequest(decodeResult: success, version: HTTP/1.1, content: EmptyByteBufBE)
GET /session/65a0d4c2d7736bfc82461b56936983f1/element/fce6ffa8-893c-4511-8c24-69dd7876c139/name HTTP/1.1
User-Agent: selenium/4.1.2 (java windows)
Cache-Control: no-cache
Content-Type: application/json; charset=utf-8
host: localhost:53460
accept: */*

Response DefaultHttpResponse(decodeResult: success, version: HTTP/1.1)
HTTP/1.1 200 OK
Content-Type: application/json; charset=utf-8
cache-control: no-cache
content-length: 16

12:16:01.484 [AsyncHttpClient-1-7] DEBUG org.asynchttpclient.netty.channel.ChannelManager - Adding key: http://localhost:53460 for channel [id: 0x2301f4aa, L:/127.0.0.1:62619 - R:localhost/127.0.0.1:53460]
12:16:01.485 [Forwarding findElement on session 65a0d4c2d7736bfc82461b56936983f1 to remote] DEBUG org.asynchttpclient.netty.request.NettyRequestSender - Using pooled Channel '[id: 0x2301f4aa, L:/127.0.0.1:62619 - R:localhost/127.0.0.1:53460]' for 'POST' to 'http://localhost:53460/session/65a0d4c2d7736bfc82461b56936983f1/element'
12:16:01.485 [Forwarding findElement on session 65a0d4c2d7736bfc82461b56936983f1 to remote] DEBUG org.asynchttpclient.netty.request.NettyRequestSender - Using open Channel [id: 0x2301f4aa, L:/127.0.0.1:62619 - R:localhost/127.0.0.1:53460] for POST '/session/65a0d4c2d7736bfc82461b56936983f1/element'
12:16:01.489 [AsyncHttpClient-1-7] DEBUG org.asynchttpclient.netty.handler.HttpHandler - 

Request DefaultHttpRequest(decodeResult: success, version: HTTP/1.1)
POST /session/65a0d4c2d7736bfc82461b56936983f1/element HTTP/1.1
User-Agent: selenium/4.1.2 (java windows)
Content-Length: 131
Content-Type: application/json; charset=utf-8
host: localhost:53460
accept: */*

Response DefaultHttpResponse(decodeResult: success, version: HTTP/1.1)
HTTP/1.1 200 OK
Content-Type: application/json; charset=utf-8
cache-control: no-cache
content-length: 88

12:16:01.489 [AsyncHttpClient-1-7] DEBUG org.asynchttpclient.netty.channel.ChannelManager - Adding key: http://localhost:53460 for channel [id: 0x2301f4aa, L:/127.0.0.1:62619 - R:localhost/127.0.0.1:53460]
12:16:01.489 [Forwarding clickElement on session 65a0d4c2d7736bfc82461b56936983f1 to remote] DEBUG org.asynchttpclient.netty.request.NettyRequestSender - Using pooled Channel '[id: 0x2301f4aa, L:/127.0.0.1:62619 - R:localhost/127.0.0.1:53460]' for 'POST' to 'http://localhost:53460/session/65a0d4c2d7736bfc82461b56936983f1/element/fce6ffa8-893c-4511-8c24-69dd7876c139/click'
12:16:01.489 [Forwarding clickElement on session 65a0d4c2d7736bfc82461b56936983f1 to remote] DEBUG org.asynchttpclient.netty.request.NettyRequestSender - Using open Channel [id: 0x2301f4aa, L:/127.0.0.1:62619 - R:localhost/127.0.0.1:53460] for POST '/session/65a0d4c2d7736bfc82461b56936983f1/element/fce6ffa8-893c-4511-8c24-69dd7876c139/click'
12:16:01.512 [AsyncHttpClient-1-7] DEBUG org.asynchttpclient.netty.handler.HttpHandler - 

Request DefaultHttpRequest(decodeResult: success, version: HTTP/1.1)
POST /session/65a0d4c2d7736bfc82461b56936983f1/element/fce6ffa8-893c-4511-8c24-69dd7876c139/click HTTP/1.1
User-Agent: selenium/4.1.2 (java windows)
Content-Length: 50
Content-Type: application/json; charset=utf-8
host: localhost:53460
accept: */*

Response DefaultHttpResponse(decodeResult: success, version: HTTP/1.1)
HTTP/1.1 200 OK
Content-Type: application/json; charset=utf-8
cache-control: no-cache
content-length: 14

12:16:01.512 [AsyncHttpClient-1-7] DEBUG org.asynchttpclient.netty.channel.ChannelManager - Adding key: http://localhost:53460 for channel [id: 0x2301f4aa, L:/127.0.0.1:62619 - R:localhost/127.0.0.1:53460]
  &amp#27;[32mWhen &amp#27;[0m&amp#27;[32mI click setting manage page button&amp#27;[0m             &amp#27;[90m# starter.stepdefinitions.SettingScenarioSteps.clickMembershipBtn()&amp#27;[0m
12:16:01.517 [Forwarding screenshot on session 65a0d4c2d7736bfc82461b56936983f1 to remote] DEBUG org.asynchttpclient.netty.request.NettyRequestSender - Using pooled Channel '[id: 0x2301f4aa, L:/127.0.0.1:62619 - R:localhost/127.0.0.1:53460]' for 'GET' to 'http://localhost:53460/session/65a0d4c2d7736bfc82461b56936983f1/screenshot'
12:16:01.517 [Forwarding screenshot on session 65a0d4c2d7736bfc82461b56936983f1 to remote] DEBUG org.asynchttpclient.netty.request.NettyRequestSender - Using open Channel [id: 0x2301f4aa, L:/127.0.0.1:62619 - R:localhost/127.0.0.1:53460] for GET '/session/65a0d4c2d7736bfc82461b56936983f1/screenshot'
12:16:01.591 [AsyncHttpClient-1-7] DEBUG org.asynchttpclient.netty.handler.HttpHandler - 

Request DefaultFullHttpRequest(decodeResult: success, version: HTTP/1.1, content: EmptyByteBufBE)
GET /session/65a0d4c2d7736bfc82461b56936983f1/screenshot HTTP/1.1
User-Agent: selenium/4.1.2 (java windows)
Cache-Control: no-cache
Content-Type: application/json; charset=utf-8
host: localhost:53460
accept: */*

Response DefaultHttpResponse(decodeResult: success, version: HTTP/1.1)
HTTP/1.1 200 OK
Content-Type: application/json; charset=utf-8
cache-control: no-cache
content-length: 53648

12:16:01.591 [AsyncHttpClient-1-7] DEBUG org.asynchttpclient.netty.channel.ChannelManager - Adding key: http://localhost:53460 for channel [id: 0x2301f4aa, L:/127.0.0.1:62619 - R:localhost/127.0.0.1:53460]
12:16:01.593 [main] DEBUG net.serenitybdd.core.photography.Darkroom - Send negative for processing for target\site\serenity\ea16c51846bbc61b5deac0d04ec3cccaba33a51e7bb2f72450d7366425a7d83b.png
12:16:01.593 [Darkroom Processing Line] DEBUG net.serenitybdd.core.photography.DarkroomProcessingLine - Processing screenshot image in /var/screenshots/screenshot-7069674421811742666
12:16:01.593 [Darkroom Processing Line] DEBUG net.serenitybdd.core.photography.DarkroomProcessingLine - Saving screenshot to target\site\serenity\ea16c51846bbc61b5deac0d04ec3cccaba33a51e7bb2f72450d7366425a7d83b.png
12:16:01.598 [Forwarding findElement on session 65a0d4c2d7736bfc82461b56936983f1 to remote] DEBUG org.asynchttpclient.netty.request.NettyRequestSender - Using pooled Channel '[id: 0x2301f4aa, L:/127.0.0.1:62619 - R:localhost/127.0.0.1:53460]' for 'POST' to 'http://localhost:53460/session/65a0d4c2d7736bfc82461b56936983f1/element'
12:16:01.598 [Forwarding findElement on session 65a0d4c2d7736bfc82461b56936983f1 to remote] DEBUG org.asynchttpclient.netty.request.NettyRequestSender - Using open Channel [id: 0x2301f4aa, L:/127.0.0.1:62619 - R:localhost/127.0.0.1:53460] for POST '/session/65a0d4c2d7736bfc82461b56936983f1/element'
12:16:01.606 [AsyncHttpClient-1-7] DEBUG org.asynchttpclient.netty.handler.HttpHandler - 

Request DefaultHttpRequest(decodeResult: success, version: HTTP/1.1)
POST /session/65a0d4c2d7736bfc82461b56936983f1/element HTTP/1.1
User-Agent: selenium/4.1.2 (java windows)
Content-Length: 97
Content-Type: application/json; charset=utf-8
host: localhost:53460
accept: */*

Response DefaultHttpResponse(decodeResult: success, version: HTTP/1.1)
HTTP/1.1 200 OK
Content-Type: application/json; charset=utf-8
cache-control: no-cache
content-length: 88

12:16:01.606 [AsyncHttpClient-1-7] DEBUG org.asynchttpclient.netty.channel.ChannelManager - Adding key: http://localhost:53460 for channel [id: 0x2301f4aa, L:/127.0.0.1:62619 - R:localhost/127.0.0.1:53460]
12:16:01.608 [Forwarding isElementDisplayed on session 65a0d4c2d7736bfc82461b56936983f1 to remote] DEBUG org.asynchttpclient.netty.request.NettyRequestSender - Using pooled Channel '[id: 0x2301f4aa, L:/127.0.0.1:62619 - R:localhost/127.0.0.1:53460]' for 'POST' to 'http://localhost:53460/session/65a0d4c2d7736bfc82461b56936983f1/execute/sync'
12:16:01.608 [Forwarding isElementDisplayed on session 65a0d4c2d7736bfc82461b56936983f1 to remote] DEBUG org.asynchttpclient.netty.request.NettyRequestSender - Using open Channel [id: 0x2301f4aa, L:/127.0.0.1:62619 - R:localhost/127.0.0.1:53460] for POST '/session/65a0d4c2d7736bfc82461b56936983f1/execute/sync'
12:16:01.617 [AsyncHttpClient-1-7] DEBUG org.asynchttpclient.netty.handler.HttpHandler - 

Request DefaultHttpRequest(decodeResult: success, version: HTTP/1.1)
POST /session/65a0d4c2d7736bfc82461b56936983f1/execute/sync HTTP/1.1
User-Agent: selenium/4.1.2 (java windows)
Content-Length: 48780
Content-Type: application/json; charset=utf-8
host: localhost:53460
accept: */*

Response DefaultHttpResponse(decodeResult: success, version: HTTP/1.1)
HTTP/1.1 200 OK
Content-Type: application/json; charset=utf-8
cache-control: no-cache
content-length: 14

12:16:01.618 [AsyncHttpClient-1-7] DEBUG org.asynchttpclient.netty.channel.ChannelManager - Adding key: http://localhost:53460 for channel [id: 0x2301f4aa, L:/127.0.0.1:62619 - R:localhost/127.0.0.1:53460]
  &amp#27;[32mThen &amp#27;[0m&amp#27;[32mi am on setting page&amp#27;[0m                           &amp#27;[90m# starter.stepdefinitions.SettingScenarioSteps.seeMembershipInformation()&amp#27;[0m
12:16:01.621 [main] INFO  - 
  _____   ___   ___   _____     ___     _     ___   ___   ___   ___  
 |_   _| | __| / __| |_   _|   | _ \   /_\   / __| / __| | __| |   \ 
   | |   | _|  \__ \   | |     |  _/  / _ \  \__ \ \__ \ | _|  | |) |
   |_|   |___| |___/   |_|     |_|   /_/ \_\ |___/ |___/ |___| |___/ 

As Admin, I have be able go to setting menu
----------------------------------------------------------------------
12:16:01.621 [AsyncHttpClient-1-9] DEBUG org.asynchttpclient.netty.handler.WebSocketHandler - Channel Closed: [id: 0x6b37cb2b, L:/127.0.0.1:62628 ! R:localhost/127.0.0.1:62620] with attribute NettyResponseFuture{currentRetry=5,
	isDone=1,
	isCancelled=0,
	asyncHandler=org.asynchttpclient.ws.WebSocketUpgradeHandler@21c1621a,
	nettyRequest=org.asynchttpclient.netty.request.NettyRequest@59d5d631,
	future=java.util.concurrent.CompletableFuture@5909d470[Completed normally],
	uri=ws://localhost:62620/devtools/browser/b1fedd2e-584b-41ab-b836-c74bea041636,
	keepAlive=true,
	redirectCount=0,
	timeoutsHolder=null,
	inAuth=0,
	touch=1658380560821}
12:16:01.621 [AsyncHttpClient-1-9] DEBUG org.asynchttpclient.netty.channel.ChannelManager - Closing Channel [id: 0x6b37cb2b, L:/127.0.0.1:62628 ! R:localhost/127.0.0.1:62620] 
12:16:01.622 [Driver Command Executor] DEBUG org.asynchttpclient.netty.request.NettyRequestSender - Using pooled Channel '[id: 0x2301f4aa, L:/127.0.0.1:62619 - R:localhost/127.0.0.1:53460]' for 'DELETE' to 'http://localhost:53460/session/65a0d4c2d7736bfc82461b56936983f1'
12:16:01.622 [Driver Command Executor] DEBUG org.asynchttpclient.netty.request.NettyRequestSender - Using open Channel [id: 0x2301f4aa, L:/127.0.0.1:62619 - R:localhost/127.0.0.1:53460] for DELETE '/session/65a0d4c2d7736bfc82461b56936983f1'
12:16:01.646 [AsyncHttpClient-1-8] DEBUG org.asynchttpclient.netty.handler.HttpHandler - Unexpected I/O exception on channel [id: 0x535fe020, L:/127.0.0.1:62627 - R:localhost/127.0.0.1:62620]
java.io.IOException: An existing connection was forcibly closed by the remote host
	at sun.nio.ch.SocketDispatcher.read0(Native Method)
	at sun.nio.ch.SocketDispatcher.read(SocketDispatcher.java:43)
	at sun.nio.ch.IOUtil.readIntoNativeBuffer(IOUtil.java:223)
	at sun.nio.ch.IOUtil.read(IOUtil.java:192)
	at sun.nio.ch.SocketChannelImpl.read(SocketChannelImpl.java:378)
	at io.netty.buffer.PooledByteBuf.setBytes(PooledByteBuf.java:258)
	at io.netty.buffer.AbstractByteBuf.writeBytes(AbstractByteBuf.java:1132)
	at io.netty.channel.socket.nio.NioSocketChannel.doReadBytes(NioSocketChannel.java:350)
	at io.netty.channel.nio.AbstractNioByteChannel$NioByteUnsafe.read(AbstractNioByteChannel.java:151)
	at io.netty.channel.nio.NioEventLoop.processSelectedKey(NioEventLoop.java:722)
	at io.netty.channel.nio.NioEventLoop.processSelectedKeysOptimized(NioEventLoop.java:658)
	at io.netty.channel.nio.NioEventLoop.processSelectedKeys(NioEventLoop.java:584)
	at io.netty.channel.nio.NioEventLoop.run(NioEventLoop.java:496)
	at io.netty.util.concurrent.SingleThreadEventExecutor$4.run(SingleThreadEventExecutor.java:986)
	at io.netty.util.internal.ThreadExecutorMap$2.run(ThreadExecutorMap.java:74)
	at io.netty.util.concurrent.FastThreadLocalRunnable.run(FastThreadLocalRunnable.java:30)
	at java.lang.Thread.run(Thread.java:750)
12:16:01.647 [AsyncHttpClient-1-8] DEBUG org.asynchttpclient.netty.channel.ChannelManager - Closing Channel [id: 0x535fe020, L:/127.0.0.1:62627 - R:localhost/127.0.0.1:62620] 
12:16:01.647 [AsyncHttpClient-1-8] DEBUG org.asynchttpclient.netty.handler.HttpHandler - Channel Closed: [id: 0x535fe020, L:/127.0.0.1:62627 ! R:localhost/127.0.0.1:62620] with attribute DISCARD
12:16:01.655 [AsyncHttpClient-1-7] DEBUG org.asynchttpclient.netty.handler.HttpHandler - 

Request DefaultFullHttpRequest(decodeResult: success, version: HTTP/1.1, content: EmptyByteBufBE)
DELETE /session/65a0d4c2d7736bfc82461b56936983f1 HTTP/1.1
User-Agent: selenium/4.1.2 (java windows)
Content-Type: application/json; charset=utf-8
host: localhost:53460
accept: */*

Response DefaultHttpResponse(decodeResult: success, version: HTTP/1.1)
HTTP/1.1 200 OK
Content-Type: application/json; charset=utf-8
cache-control: no-cache
content-length: 14

12:16:01.655 [AsyncHttpClient-1-7] DEBUG org.asynchttpclient.netty.channel.ChannelManager - Adding key: http://localhost:53460 for channel [id: 0x2301f4aa, L:/127.0.0.1:62619 - R:localhost/127.0.0.1:53460]
12:16:01.696 [AsyncHttpClient-1-7] DEBUG org.asynchttpclient.netty.handler.HttpHandler - Channel Closed: [id: 0x2301f4aa, L:/127.0.0.1:62619 ! R:localhost/127.0.0.1:53460] with attribute DISCARD
12:16:01.727 [AsyncHttpClient-1-1] DEBUG org.asynchttpclient.netty.channel.DefaultChannelPool - Entry count for : http://localhost:62620 : 1
12:16:01.727 [AsyncHttpClient-1-1] DEBUG org.asynchttpclient.netty.channel.DefaultChannelPool - Entry count for : http://localhost:53460 : 1
12:16:01.727 [AsyncHttpClient-1-1] DEBUG org.asynchttpclient.netty.channel.DefaultChannelPool - Adding Candidate expired Channel [id: 0x535fe020, L:/127.0.0.1:62627 ! R:localhost/127.0.0.1:62620] isIdleTimeoutExpired=false isRemotelyClosed=true isTtlExpired=false
12:16:01.727 [AsyncHttpClient-1-1] DEBUG org.asynchttpclient.netty.channel.DefaultChannelPool - Closing Idle Channel [id: 0x535fe020, L:/127.0.0.1:62627 ! R:localhost/127.0.0.1:62620]
12:16:01.727 [AsyncHttpClient-1-1] DEBUG org.asynchttpclient.netty.channel.DefaultChannelPool - Adding Candidate expired Channel [id: 0x2301f4aa, L:/127.0.0.1:62619 ! R:localhost/127.0.0.1:53460] isIdleTimeoutExpired=false isRemotelyClosed=true isTtlExpired=false
12:16:01.727 [AsyncHttpClient-1-1] DEBUG org.asynchttpclient.netty.channel.DefaultChannelPool - Closing Idle Channel [id: 0x2301f4aa, L:/127.0.0.1:62619 ! R:localhost/127.0.0.1:53460]
12:16:01.727 [AsyncHttpClient-1-1] DEBUG org.asynchttpclient.netty.channel.DefaultChannelPool - Closed 2 connections out of 2 in 0 ms
]]></system-out>
    <system-err><![CDATA[Starting ChromeDriver 103.0.5060.134 (8ec6fce403b3feb0869b0732eda8bd95011d333c-refs/branch-heads/5060@{#1262}) on port 53460
Only local connections are allowed.
Please see https://chromedriver.chromium.org/security-considerations for suggestions on keeping ChromeDriver safe.
ChromeDriver was started successfully.
Jul 21, 2022 12:16:00 PM org.openqa.selenium.remote.ProtocolHandshake createSession
INFO: Detected dialect: W3C
Jul 21, 2022 12:16:00 PM org.openqa.selenium.devtools.CdpVersionFinder findNearestMatch
WARNING: Unable to find an exact match for CDP version 103, so returning the closest version found: a no-op implementation
Jul 21, 2022 12:16:00 PM org.openqa.selenium.devtools.CdpVersionFinder findNearestMatch
INFO: Unable to find CDP implementation matching 103.
Jul 21, 2022 12:16:00 PM org.openqa.selenium.chromium.ChromiumDriver lambda$new$3
WARNING: Unable to find version of CDP to use for . You may need to include a dependency on a specific version of the CDP using something similar to `org.seleniumhq.selenium:selenium-devtools-v86:4.1.2` where the version ("v86") matches the version of the chromium-based browser you're using and the version number of the artifact is the same as Selenium's.
]]></system-err>
  </testcase>
</testsuite>